<?xml version="1.0" encoding="utf-8" standalone="no"?>
<test-run id="2" testcasecount="665" result="Failed" total="41" passed="26" failed="15" inconclusive="0" skipped="0" asserts="0" engine-version="3.9.0.0" clr-version="4.0.30319.42000" start-time="2022-05-01 23:07:53Z" end-time="2022-05-02 01:22:00Z" duration="8047.146232">
  <command-line><![CDATA["C:\TestAgent\work\892674cf2505679c\packages\NUnit.ConsoleRunner.3.9.0\tools\nunit3-console.exe" AutoTests.Specs\bin\OnPrem\AutoTests.Specs.dll /config:AutoTests.testsettings --out:ReportXml\FullDBSingleTestResult.txt --result=ReportXml\FullDBSingleTestResult.xml --labels=All --workers=1 "--where=cat == onPrem && cat == singleThread"]]></command-line>
  <filter>
    <and>
      <cat>onPrem</cat>
      <cat>singleThread</cat>
    </and>
  </filter>
  <test-suite type="Assembly" id="0-1846" name="AutoTests.Specs.dll" fullname="AutoTests.Specs.dll" runstate="Runnable" testcasecount="665" result="Failed" site="Child" start-time="2022-05-01 23:07:56Z" end-time="2022-05-02 01:22:00Z" duration="8044.213891" total="41" passed="26" failed="15" warnings="0" inconclusive="0" skipped="0" asserts="0">
    <environment framework-version="3.11.0.0" clr-version="4.0.30319.42000" os-version="Microsoft Windows NT 10.0.18362.0" platform="Win32NT" cwd="C:\TestAgent\work\892674cf2505679c" machine-name="QASSOWEB" user="vtechvm" user-domain="QASSOWEB" culture="en-US" uiculture="en-US" os-architecture="x64" />
    <settings>
      <setting name="DisposeRunners" value="True" />
      <setting name="ActiveConfig" value="AutoTests.testsettings" />
      <setting name="WorkDirectory" value="C:\TestAgent\work\892674cf2505679c" />
      <setting name="NumberOfTestWorkers" value="1" />
      <setting name="ImageRuntimeVersion" value="4.0.30319" />
      <setting name="ImageTargetFrameworkName" value=".NETFramework,Version=v4.6.2" />
      <setting name="ImageRequiresX86" value="False" />
      <setting name="ImageRequiresDefaultAppDomainAssemblyResolver" value="False" />
    </settings>
    <properties>
      <property name="ParallelScope" value="Fixtures" />
      <property name="LevelOfParallelism" value="2" />
      <property name="_PID" value="15272" />
      <property name="_APPDOMAIN" value="domain-" />
    </properties>
    <failure>
      <message><![CDATA[One or more child tests had errors]]></message>
    </failure>
    <test-suite type="TestSuite" id="0-1847" name="AutoTests" fullname="AutoTests" runstate="Runnable" testcasecount="665" result="Failed" site="Child" start-time="2022-05-01 23:07:56Z" end-time="2022-05-02 01:22:00Z" duration="8044.133097" total="41" passed="26" failed="15" warnings="0" inconclusive="0" skipped="0" asserts="0">
      <properties />
      <failure>
        <message><![CDATA[One or more child tests had errors]]></message>
      </failure>
      <test-suite type="TestSuite" id="0-1848" name="Specs" fullname="AutoTests.Specs" runstate="Runnable" testcasecount="665" result="Failed" site="Child" start-time="2022-05-01 23:07:56Z" end-time="2022-05-02 01:22:00Z" duration="8044.131625" total="41" passed="26" failed="15" warnings="0" inconclusive="0" skipped="0" asserts="0">
        <properties />
        <failure>
          <message><![CDATA[One or more child tests had errors]]></message>
        </failure>
        <test-suite type="TestSuite" id="0-1863" name="Setup" fullname="AutoTests.Specs.Setup" runstate="Runnable" testcasecount="94" result="Passed" start-time="2022-05-01 23:07:56Z" end-time="2022-05-01 23:28:42Z" duration="1246.409444" total="6" passed="6" failed="0" warnings="0" inconclusive="0" skipped="0" asserts="0">
          <properties />
          <test-suite type="TestFixture" id="0-1150" name="DashboardFeature" fullname="AutoTests.Specs.Setup.DashboardFeature" classname="AutoTests.Specs.Setup.DashboardFeature" runstate="Runnable" testcasecount="7" result="Passed" start-time="2022-05-01 23:07:56Z" end-time="2022-05-01 23:14:41Z" duration="405.769179" total="1" passed="1" failed="0" warnings="0" inconclusive="0" skipped="0" asserts="0">
            <properties>
              <property name="Description" value="Dashboard" />
            </properties>
            <output><![CDATA[-> Using app.config
Environment variable 'DBType' = 'Base'.
Test Run will created in TR.
]]></output>
            <test-case id="0-1157" name="DashboardAddSummaryCharts" fullname="AutoTests.Specs.Setup.DashboardFeature.DashboardAddSummaryCharts" methodname="DashboardAddSummaryCharts" classname="AutoTests.Specs.Setup.DashboardFeature" runstate="Runnable" seed="79337" result="Passed" start-time="2022-05-01 23:08:01Z" end-time="2022-05-01 23:14:41Z" duration="400.448248" asserts="0">
              <properties>
                <property name="Description" value="Dashboard: Add Summary Charts" />
                <property name="Category" value="9670" />
                <property name="Category" value="onPrem" />
                <property name="Category" value="cloud" />
                <property name="Category" value="singleThread" />
                <property name="Category" value="RestoreAfterScenario" />
              </properties>
              <output><![CDATA[2022-05-01 19:08:01.9418 [DEBUG] CleanupStores for Dashboard: Add Summary Charts has been completed
2022-05-01 19:08:02.0957 [INFO] 
*** AutoTests.Specs.Setup.DashboardFeature.DashboardAddSummaryCharts
2022-05-01 19:08:02.1149 [INFO] Start scenario "9670": "Dashboard: Add Summary Charts"
2022-05-01 19:08:02.1411 [TRACE] Reloading WebDriver.
2022-05-01 19:08:02.1738 [TRACE] Chosen browser from config: Chrome
2022-05-01 19:08:04.3257 [TRACE] Webdriver browser name: Chrome
2022-05-01 19:08:04.3437 [TRACE] Webdriver browser version: 87.0.4280.66
2022-05-01 19:08:04.3650 [TRACE] Platform : Linux
2022-05-01 19:08:04.3957 [TRACE] Browser size: {Width=1920, Height=1080}
2022-05-01 19:08:04.4167 [TRACE] WebDriver reloaded.
2022-05-01 19:08:04.4477 [INFO] Navigate to URL: http://10.0.40.108:180/
2022-05-01 19:08:04.9548 [TRACE] And STEP 1
2022-05-01 19:08:05.2396 [TRACE] Given load Line Item data from 'Setup\OverviewLineItems.json' file for 'Item6'
2022-05-01 19:08:06.0407 [INFO] Screenshot[screenshots\Application_20220501190805_d756f.jpeg]Screenshot
2022-05-01 19:08:06.1231 [TRACE] And load Pack data from 'Shipments\NewShipments\Package.json' file for 'Pack1'
2022-05-01 19:08:06.6378 [INFO] Screenshot[screenshots\Application_20220501190806_54cb9.jpeg]Screenshot
2022-05-01 19:08:06.7077 [TRACE] When user is logged in with location 'Default' and the following credentials:
  --- table step argument ---
  | Username               | Password               |
  | @Login.BaseDB.UserName | @Login.BaseDB.Password |
2022-05-01 19:08:15.5922 [INFO] Screenshot[screenshots\Application_20220501190815_6fc85.jpeg]Screenshot
2022-05-01 19:08:15.6757 [TRACE] When click '×' button if 'test alert' dialog is present
2022-05-01 19:08:15.7808 [INFO] Check that dialog test alert is present.
2022-05-01 19:08:26.7398 [INFO] Screenshot[screenshots\Application_20220501190826_781ab.jpeg]Screenshot
2022-05-01 19:08:26.8238 [TRACE] And go to 'Shipments' module
2022-05-01 19:08:26.8583 [INFO] Navigate to URL: http://10.0.40.108:180/Shipments
2022-05-01 19:08:29.0867 [INFO] Screenshot[screenshots\Application_20220501190828_dcb8e.jpeg]Screenshot
2022-05-01 19:08:35.0536 [TRACE] Then 'Shipments' page should be shown
2022-05-01 19:08:35.7728 [INFO] Screenshot[screenshots\Application_20220501190835_b57e4.jpeg]Screenshot
2022-05-01 19:08:35.8119 [TRACE] When click 'Create Shipment' action button on 'Shipments' page
2022-05-01 19:08:43.2757 [INFO] Screenshot[screenshots\Application_20220501190842_a0700.jpeg]Screenshot
2022-05-01 19:08:43.3648 [TRACE] Then 'Shipment Dialog' page should be shown
2022-05-01 19:08:44.0682 [INFO] Screenshot[screenshots\Application_20220501190843_00692.jpeg]Screenshot
2022-05-01 19:08:44.1549 [TRACE] And STEP 2
2022-05-01 19:08:44.2176 [TRACE] When click 'Edit' button for 'Source' block on 'Shipment Dialog' page
2022-05-01 19:08:45.6096 [INFO] Screenshot[screenshots\Application_20220501190844_c06cd.jpeg]Screenshot
2022-05-01 19:08:45.6500 [TRACE] And click 'OK' button if 'Alert' dialog is present
2022-05-01 19:08:45.6780 [INFO] Check that dialog Alert is present.
2022-05-01 19:08:56.4227 [INFO] Screenshot[screenshots\Application_20220501190855_8ed4e.jpeg]Screenshot
2022-05-01 19:08:56.4627 [TRACE] Then 'Edit Source' form should be shown
2022-05-01 19:08:57.1700 [INFO] Screenshot[screenshots\Application_20220501190856_fc378.jpeg]Screenshot
2022-05-01 19:08:57.2138 [TRACE] When set '9670-A' value in 'P.O. #' column on 'Edit Source' form
2022-05-01 19:08:58.7098 [INFO] Screenshot[screenshots\Application_20220501190858_0dee7.jpeg]Screenshot
2022-05-01 19:08:58.7510 [TRACE] Then 'P.O. #' column on 'Edit Source' form has '9670-A' value
2022-05-01 19:08:59.7137 [INFO] Screenshot[screenshots\Application_20220501190859_77ae6.jpeg]Screenshot
2022-05-01 19:08:59.8019 [TRACE] When click 'Accept Changes' action button on 'Edit Source' dialog
2022-05-01 19:09:00.8469 [INFO] Screenshot[screenshots\Application_20220501190900_10ed8.jpeg]Screenshot
2022-05-01 19:09:00.8860 [TRACE] Then 'Edit Source' form should not be shown
2022-05-01 19:09:01.0439 [INFO] Element 'Edit Source' was not found. 
2022-05-01 19:09:01.6788 [INFO] Screenshot[screenshots\Application_20220501190901_fbe83.jpeg]Screenshot
2022-05-01 19:09:01.7201 [TRACE] And STEP 3
2022-05-01 19:09:01.8227 [TRACE] When click 'Edit' button for 'Recipient' block on 'Shipment Dialog' page
2022-05-01 19:09:03.0298 [INFO] Screenshot[screenshots\Application_20220501190902_23672.jpeg]Screenshot
2022-05-01 19:09:03.0718 [TRACE] Then 'Edit Recipient' form should be shown
2022-05-01 19:09:03.7937 [INFO] Screenshot[screenshots\Application_20220501190903_479cd.jpeg]Screenshot
2022-05-01 19:09:03.8809 [TRACE] When type 'CUST004' in 'Customer ID' text field on 'Edit Recipient' form
2022-05-01 19:09:05.5179 [INFO] Screenshot[screenshots\Application_20220501190904_7c197.jpeg]Screenshot
2022-05-01 19:09:06.6188 [TRACE] Then 'CUST004' text should be in 'Customer ID' field on 'Edit Recipient' form
2022-05-01 19:09:07.3437 [INFO] Screenshot[screenshots\Application_20220501190906_60435.jpeg]Screenshot
2022-05-01 19:09:07.3827 [TRACE] When click 'Accept Changes' action button on 'Edit Recipient' dialog
2022-05-01 19:09:08.3097 [INFO] Screenshot[screenshots\Application_20220501190907_11ed2.jpeg]Screenshot
2022-05-01 19:09:08.3889 [TRACE] Then 'Edit Recipient' form should not be shown
2022-05-01 19:09:08.4920 [INFO] Element 'Edit Recipient' was not found. 
2022-05-01 19:09:09.0757 [INFO] Screenshot[screenshots\Application_20220501190908_f1d5f.jpeg]Screenshot
2022-05-01 19:09:09.1141 [TRACE] And STEP 4
2022-05-01 19:09:09.2157 [TRACE] When click 'Edit' button for 'Transportation' block on 'Shipment Dialog' page
2022-05-01 19:09:10.3946 [INFO] Screenshot[screenshots\Application_20220501190909_cb877.jpeg]Screenshot
2022-05-01 19:09:10.4320 [TRACE] Then 'Edit Transportation' form should be shown
2022-05-01 19:09:11.1058 [INFO] Screenshot[screenshots\Application_20220501190910_d5fe9.jpeg]Screenshot
2022-05-01 19:09:11.1467 [TRACE] When select 'TForce Freight' in 'Carrier' drop-down on 'Edit Transportation' form
2022-05-01 19:09:16.0178 [INFO] Screenshot[screenshots\Application_20220501190915_1cdc9.jpeg]Screenshot
2022-05-01 19:09:16.0628 [TRACE] Then 'TForce Freight' should be selected in 'Carrier' drop-down on 'Edit Transportation' form
2022-05-01 19:09:16.8198 [INFO] Screenshot[screenshots\Application_20220501190916_b392a.jpeg]Screenshot
2022-05-01 19:09:16.8587 [TRACE] When select 'UGF/TForce Freight Acct (12345678)' in 'Account' drop-down on 'Edit Transportation' form
2022-05-01 19:09:17.5917 [INFO] Screenshot[screenshots\Application_20220501190917_67eb3.jpeg]Screenshot
2022-05-01 19:09:17.6342 [TRACE] Then 'UGF/TForce Freight Acct (12345678)' should be selected in 'Account' drop-down on 'Edit Transportation' form
2022-05-01 19:09:18.3432 [INFO] Screenshot[screenshots\Application_20220501190917_86db8.jpeg]Screenshot
2022-05-01 19:09:18.4297 [TRACE] When select 'LTL' in 'Service' drop-down on 'Edit Transportation' form
2022-05-01 19:09:19.1557 [INFO] Screenshot[screenshots\Application_20220501190918_7170e.jpeg]Screenshot
2022-05-01 19:09:19.2377 [TRACE] Then 'LTL' should be selected in 'Service' drop-down on 'Edit Transportation' form
2022-05-01 19:09:19.9507 [INFO] Screenshot[screenshots\Application_20220501190919_9fdcc.jpeg]Screenshot
2022-05-01 19:09:20.0347 [TRACE] When click 'Accept Changes' action button on 'Edit Transportation' dialog
2022-05-01 19:09:20.9518 [INFO] Screenshot[screenshots\Application_20220501190920_9bed4.jpeg]Screenshot
2022-05-01 19:09:21.0327 [TRACE] Then 'Edit Transportation' form should not be shown
2022-05-01 19:09:21.1368 [INFO] Element 'Edit Transportation' was not found. 
2022-05-01 19:09:21.7557 [INFO] Screenshot[screenshots\Application_20220501190921_03377.jpeg]Screenshot
2022-05-01 19:09:21.8417 [TRACE] And STEP 5
2022-05-01 19:09:21.9029 [TRACE] When click 'Edit' button for 'Packaging' block on 'Shipment Dialog' page
2022-05-01 19:09:23.3497 [INFO] Screenshot[screenshots\Application_20220501190922_19649.jpeg]Screenshot
2022-05-01 19:09:23.4388 [TRACE] Then 'Edit Packaging' form should be shown
2022-05-01 19:09:24.1437 [INFO] Screenshot[screenshots\Application_20220501190923_d872c.jpeg]Screenshot
2022-05-01 19:09:24.1867 [TRACE] When click 'Expand Checkbox' button for 'pallet' with seq # '1' in 'Pallet' table on 'Edit Packaging' form
2022-05-01 19:09:27.3239 [INFO] Screenshot[screenshots\Application_20220501190926_7489b.jpeg]Screenshot
2022-05-01 19:09:27.3649 [TRACE] Then 'Pallet' with 'Seq #' '1' on 'Edit Packaging' form should contain following items for 'Seq #' key and 'Packaging' value:
  --- table step argument ---
  | key | value        |
  | 1   | Test Pack 01 |
2022-05-01 19:09:28.9238 [INFO] Screenshot[screenshots\Application_20220501190928_b8064.jpeg]Screenshot
2022-05-01 19:09:29.0061 [TRACE] When click 'Open' button for 'pack' with seq # '1' in 'Pallet' table on 'Edit Packaging' form
2022-05-01 19:09:42.0977 [INFO] Screenshot[screenshots\Application_20220501190941_07436.jpeg]Screenshot
2022-05-01 19:09:42.1817 [TRACE] Then 'Package Edit Tab' dialog should be shown
2022-05-01 19:09:42.8716 [INFO] Screenshot[screenshots\Application_20220501190942_0033c.jpeg]Screenshot
2022-05-01 19:09:42.9147 [TRACE] When select 'Group100' in 'Group' drop-down on 'Package Edit Tab' dialog
2022-05-01 19:09:45.7008 [INFO] Screenshot[screenshots\Application_20220501190945_f6141.jpeg]Screenshot
2022-05-01 19:09:45.7827 [TRACE] Then 'Group100' should be selected in drop-down in 'Group' field on 'Package Edit Tab' dialog
2022-05-01 19:09:46.3727 [INFO] Screenshot[screenshots\Application_20220501190945_e4662.jpeg]Screenshot
2022-05-01 19:09:46.4119 [TRACE] When click 'Close' button for 'pack' with seq # '1' in 'Pallet' table on 'Edit Packaging' form
2022-05-01 19:09:49.1578 [INFO] Screenshot[screenshots\Application_20220501190948_4198b.jpeg]Screenshot
2022-05-01 19:09:49.2006 [TRACE] Then 'Package Edit Tab' dialog should not be shown
2022-05-01 19:09:49.3068 [INFO] Element 'Package Edit Tab' was not found. 
2022-05-01 19:09:49.8619 [INFO] Screenshot[screenshots\Application_20220501190949_5a0ca.jpeg]Screenshot
2022-05-01 19:09:49.9091 [TRACE] When click 'Repeat Package' button for 'pack' with seq # '1' in 'Pallet' table on 'Edit Packaging' form
2022-05-01 19:09:52.4959 [INFO] Screenshot[screenshots\Application_20220501190951_43f5a.jpeg]Screenshot
2022-05-01 19:09:52.5348 [TRACE] Then 'Repeat Package' dialog should be shown
2022-05-01 19:09:53.2598 [INFO] Screenshot[screenshots\Application_20220501190952_5f53b.jpeg]Screenshot
2022-05-01 19:09:53.3428 [TRACE] When set '4' in 'Repeat the current package' textbox on 'Repeat Package' dialog
2022-05-01 19:09:54.3238 [INFO] Screenshot[screenshots\Application_20220501190953_e3e1e.jpeg]Screenshot
2022-05-01 19:09:54.3677 [TRACE] Then '4' text should be in 'Repeat the current package' field on 'Repeat Package' dialog
2022-05-01 19:09:55.1087 [INFO] Screenshot[screenshots\Application_20220501190954_4dc29.jpeg]Screenshot
2022-05-01 19:09:55.1456 [TRACE] When click 'OK' button if 'Repeat Package' dialog is present
2022-05-01 19:09:55.1707 [INFO] Check that dialog Repeat Package is present.
2022-05-01 19:09:55.2678 [INFO] Dialog Repeat Package is present.
2022-05-01 19:09:56.1108 [INFO] Button OK was clicked.
2022-05-01 19:09:57.2156 [INFO] Element 'Repeat Package' was not found. 
2022-05-01 19:09:57.2350 [INFO] Dialog Repeat Package is not present.
2022-05-01 19:09:57.8708 [INFO] Screenshot[screenshots\Application_20220501190957_1d445.jpeg]Screenshot
2022-05-01 19:09:57.9108 [TRACE] Then 'Repeat Package' dialog should not be shown
2022-05-01 19:09:58.0296 [INFO] Element 'Repeat Package' was not found. 
2022-05-01 19:09:58.5689 [INFO] Screenshot[screenshots\Application_20220501190958_8cf2c.jpeg]Screenshot
2022-05-01 19:09:58.6527 [TRACE] And 'Pallet' with 'Seq #' '1' on 'Edit Packaging' form should contain following items for 'Seq #' key and 'Packaging' value:
  --- table step argument ---
  | key | value        |
  | 1   | Test Pack 01 |
  | 2   | Test Pack 01 |
  | 3   | Test Pack 01 |
  | 4   | Test Pack 01 |
  | 5   | Test Pack 01 |
2022-05-01 19:10:01.0661 [INFO] Screenshot[screenshots\Application_20220501191000_e9a75.jpeg]Screenshot
2022-05-01 19:10:01.1507 [TRACE] And STEP 6
2022-05-01 19:10:01.2137 [TRACE] When click 'Rate Current' button for 'Total Charges' block on 'Shipment Dialog' page
2022-05-01 19:10:02.3089 [INFO] Screenshot[screenshots\Application_20220501191001_93123.jpeg]Screenshot
2022-05-01 19:10:05.7579 [TRACE] Then charges table contains some 'Blue' value on 'Total Charges' form
2022-05-01 19:10:07.0161 [INFO] Screenshot[screenshots\Application_20220501191006_0cbf7.jpeg]Screenshot
2022-05-01 19:10:07.0607 [TRACE] When save charges to 'chargesDashboard9670A' model from 'Total Charges' form:
  --- table step argument ---
  | Name        | Value   |
  | Grand Total | Applied |
2022-05-01 19:10:08.9529 [INFO] Screenshot[screenshots\Application_20220501191008_40025.jpeg]Screenshot
2022-05-01 19:10:08.9947 [TRACE] Then 'chargesDashboard9670A' model should not be empty
2022-05-01 19:10:09.5447 [INFO] Screenshot[screenshots\Application_20220501191009_a609f.jpeg]Screenshot
2022-05-01 19:10:09.6327 [TRACE] And STEP 7
2022-05-01 19:10:09.6958 [TRACE] When click 'Ship/Process' floating button on 'Shipment Dialog' page
2022-05-01 19:10:10.7227 [INFO] Screenshot[screenshots\Application_20220501191010_9e851.jpeg]Screenshot
2022-05-01 19:10:13.9817 [TRACE] And click 'OK' button on 'The shipment has been shipped/processed' dialog if present
2022-05-01 19:10:15.8277 [INFO] Screenshot[screenshots\Application_20220501191014_30484.jpeg]Screenshot
2022-05-01 19:10:15.8637 [TRACE] Then 'Shipment Dialog' page should not be shown
2022-05-01 19:10:16.5292 [INFO] Element 'Shipment Dialog' was not found. 
2022-05-01 19:10:17.0647 [INFO] Screenshot[screenshots\Application_20220501191016_e7320.jpeg]Screenshot
2022-05-01 19:10:17.1021 [TRACE] And 'Shipments' page should be shown
2022-05-01 19:10:17.7768 [INFO] Screenshot[screenshots\Application_20220501191017_10d4f.jpeg]Screenshot
2022-05-01 19:10:17.8159 [TRACE] And the shipment with '9670-A' 'PO Numbers' is shown in 'Shipments' table on 'Shipments' page
2022-05-01 19:10:19.1197 [INFO] Screenshot[screenshots\Application_20220501191018_81e46.jpeg]Screenshot
2022-05-01 19:10:19.1617 [TRACE] And STEP 8
2022-05-01 19:10:19.2587 [TRACE] When click 'Create Shipment' action button on 'Shipments' page
2022-05-01 19:10:22.2157 [INFO] Screenshot[screenshots\Application_20220501191021_f11d7.jpeg]Screenshot
2022-05-01 19:10:22.2577 [TRACE] Then 'Shipment Dialog' page should be shown
2022-05-01 19:10:22.9411 [INFO] Screenshot[screenshots\Application_20220501191022_af4fe.jpeg]Screenshot
2022-05-01 19:10:22.9776 [TRACE] And STEP 9
2022-05-01 19:10:23.0378 [TRACE] When click 'Edit' button for 'Source' block on 'Shipment Dialog' page
2022-05-01 19:10:24.3317 [INFO] Screenshot[screenshots\Application_20220501191023_4451b.jpeg]Screenshot
2022-05-01 19:10:24.3736 [TRACE] And click 'OK' button if 'Alert' dialog is present
2022-05-01 19:10:24.3988 [INFO] Check that dialog Alert is present.
2022-05-01 19:10:35.1688 [INFO] Screenshot[screenshots\Application_20220501191034_b71ad.jpeg]Screenshot
2022-05-01 19:10:35.2097 [TRACE] Then 'Edit Source' form should be shown
2022-05-01 19:10:35.9429 [INFO] Screenshot[screenshots\Application_20220501191035_4a27a.jpeg]Screenshot
2022-05-01 19:10:35.9818 [TRACE] When set '9670-B' value in 'P.O. #' column on 'Edit Source' form
2022-05-01 19:10:37.3597 [INFO] Screenshot[screenshots\Application_20220501191036_46c4d.jpeg]Screenshot
2022-05-01 19:10:37.4848 [TRACE] Then 'P.O. #' column on 'Edit Source' form has '9670-B' value
2022-05-01 19:10:38.4867 [INFO] Screenshot[screenshots\Application_20220501191037_e8e2b.jpeg]Screenshot
2022-05-01 19:10:38.5273 [TRACE] When click 'Accept Changes' action button on 'Edit Source' dialog
2022-05-01 19:10:39.5859 [INFO] Screenshot[screenshots\Application_20220501191038_f9439.jpeg]Screenshot
2022-05-01 19:10:39.6726 [TRACE] Then 'Edit Source' form should not be shown
2022-05-01 19:10:39.7380 [INFO] Element 'Edit Source' was not found. 
2022-05-01 19:10:40.3768 [INFO] Screenshot[screenshots\Application_20220501191039_642ad.jpeg]Screenshot
2022-05-01 19:10:40.4609 [TRACE] And STEP 10
2022-05-01 19:10:40.5217 [TRACE] When click 'Edit' button for 'Recipient' block on 'Shipment Dialog' page
2022-05-01 19:10:41.9357 [INFO] Screenshot[screenshots\Application_20220501191041_6e1bf.jpeg]Screenshot
2022-05-01 19:10:41.9827 [TRACE] Then 'Edit Recipient' form should be shown
2022-05-01 19:10:42.6538 [INFO] Screenshot[screenshots\Application_20220501191042_7db41.jpeg]Screenshot
2022-05-01 19:10:42.7327 [TRACE] When type 'GERMANY' in 'Customer ID' text field on 'Edit Recipient' form
2022-05-01 19:10:44.1466 [INFO] Screenshot[screenshots\Application_20220501191043_cb33a.jpeg]Screenshot
2022-05-01 19:10:44.1902 [TRACE] Then 'GERMANY' text should be in 'Customer ID' field on 'Edit Recipient' form
2022-05-01 19:10:44.8918 [INFO] Screenshot[screenshots\Application_20220501191044_bcbe3.jpeg]Screenshot
2022-05-01 19:10:44.9307 [TRACE] When click 'Accept Changes' action button on 'Edit Recipient' dialog
2022-05-01 19:10:45.8699 [INFO] Screenshot[screenshots\Application_20220501191045_0f586.jpeg]Screenshot
2022-05-01 19:10:45.9071 [TRACE] Then 'Edit Recipient' form should not be shown
2022-05-01 19:10:46.0167 [INFO] Element 'Edit Recipient' was not found. 
2022-05-01 19:10:46.5838 [INFO] Screenshot[screenshots\Application_20220501191046_370a8.jpeg]Screenshot
2022-05-01 19:10:46.6256 [TRACE] And STEP 11
2022-05-01 19:10:46.7287 [TRACE] When click 'Edit' button for 'Transportation' block on 'Shipment Dialog' page
2022-05-01 19:10:48.4568 [INFO] Screenshot[screenshots\Application_20220501191047_58c11.jpeg]Screenshot
2022-05-01 19:10:48.5039 [TRACE] Then 'Edit Transportation' form should be shown
2022-05-01 19:10:49.1741 [INFO] Screenshot[screenshots\Application_20220501191048_7ed7f.jpeg]Screenshot
2022-05-01 19:10:49.2547 [TRACE] When select 'UPS' in 'Carrier' drop-down on 'Edit Transportation' form
2022-05-01 19:10:52.8088 [INFO] Screenshot[screenshots\Application_20220501191051_b0016.jpeg]Screenshot
2022-05-01 19:10:55.4739 [TRACE] Then 'UPS' should be selected in 'Carrier' drop-down on 'Edit Transportation' form
2022-05-01 19:10:56.2298 [INFO] Screenshot[screenshots\Application_20220501191055_5adbf.jpeg]Screenshot
2022-05-01 19:10:58.8966 [TRACE] When select 'UPS Worldwide Express®' in 'Service' drop-down on 'Edit Transportation' form
2022-05-01 19:11:00.8667 [INFO] Screenshot[screenshots\Application_20220501191100_127f6.jpeg]Screenshot
2022-05-01 19:11:00.9067 [TRACE] Then 'UPS Worldwide Express®' should be selected in 'Service' drop-down on 'Edit Transportation' form
2022-05-01 19:11:01.6847 [INFO] Screenshot[screenshots\Application_20220501191101_eeca7.jpeg]Screenshot
2022-05-01 19:11:02.2998 [TRACE] When click 'Accept Changes' action button on 'Edit Transportation' dialog
2022-05-01 19:11:03.2530 [INFO] Screenshot[screenshots\Application_20220501191102_f261c.jpeg]Screenshot
2022-05-01 19:11:03.2897 [TRACE] Then 'Edit Transportation' form should not be shown
2022-05-01 19:11:03.3892 [INFO] Element 'Edit Transportation' was not found. 
2022-05-01 19:11:04.0069 [INFO] Screenshot[screenshots\Application_20220501191103_99c93.jpeg]Screenshot
2022-05-01 19:11:04.0891 [TRACE] And STEP 12
2022-05-01 19:11:04.1490 [TRACE] When click 'Edit' button for 'Packaging' block on 'Shipment Dialog' page
2022-05-01 19:11:05.5678 [INFO] Screenshot[screenshots\Application_20220501191104_6994b.jpeg]Screenshot
2022-05-01 19:11:05.6088 [TRACE] Then 'Edit Packaging' form should be shown
2022-05-01 19:11:06.3329 [INFO] Screenshot[screenshots\Application_20220501191105_d72d1.jpeg]Screenshot
2022-05-01 19:11:06.3729 [TRACE] When click 'Add Package' action button on 'Edit Packaging' dialog
2022-05-01 19:11:07.7797 [INFO] Screenshot[screenshots\Application_20220501191107_56a1d.jpeg]Screenshot
2022-05-01 19:11:09.3938 [TRACE] Then 'Packaging' table on 'Edit Packaging' dialog should contain '2' items
2022-05-01 19:11:11.2621 [INFO] Screenshot[screenshots\Application_20220501191110_0f4c1.jpeg]Screenshot
2022-05-01 19:11:11.3037 [TRACE] When click 'Add Item' button for 'pack' with seq # '1' in 'Packaging' table on 'Edit Packaging' form
2022-05-01 19:11:14.4026 [INFO] Screenshot[screenshots\Application_20220501191113_bfb93.jpeg]Screenshot
2022-05-01 19:11:16.0830 [TRACE] Then 'Search for Inventory Items' dialog should be shown
2022-05-01 19:11:16.9367 [INFO] Screenshot[screenshots\Application_20220501191116_08c28.jpeg]Screenshot
2022-05-01 19:11:17.0236 [TRACE] When search for 'Item6' on 'Search for Inventory Items' dialog
2022-05-01 19:11:18.2908 [INFO] Screenshot[screenshots\Application_20220501191117_0b88c.jpeg]Screenshot
2022-05-01 19:11:18.3667 [TRACE] Then item from 'Item6' is shown on '1' row in table on 'Search for Inventory Items' dialog
2022-05-01 19:11:19.1718 [INFO] Screenshot[screenshots\Application_20220501191118_d8c8a.jpeg]Screenshot
2022-05-01 19:11:19.2137 [TRACE] When click select for 'Item6' on 'Search for Inventory Items' dialog
2022-05-01 19:11:20.1127 [INFO] Screenshot[screenshots\Application_20220501191119_6724a.jpeg]Screenshot
2022-05-01 19:11:22.2747 [TRACE] Then 'Item Quantity' dialog should be shown
2022-05-01 19:11:22.9899 [INFO] Screenshot[screenshots\Application_20220501191122_cf823.jpeg]Screenshot
2022-05-01 19:11:23.0297 [TRACE] When click 'OK' button on 'Item Quantity' dialog
2022-05-01 19:11:28.2277 [INFO] "OK" button is present on the "Item Quantity" dialog
2022-05-01 19:11:29.8548 [INFO] Screenshot[screenshots\Application_20220501191128_2bf65.jpeg]Screenshot
2022-05-01 19:11:31.4629 [TRACE] And close 'Search for Inventory Items' modal form
2022-05-01 19:11:32.4618 [INFO] Screenshot[screenshots\Application_20220501191131_72f34.jpeg]Screenshot
2022-05-01 19:11:32.5076 [TRACE] Then 'Edit Packaging' form should be shown
2022-05-01 19:11:33.1779 [INFO] Screenshot[screenshots\Application_20220501191132_087ae.jpeg]Screenshot
2022-05-01 19:11:33.2269 [TRACE] And expand checkbox is displayed in 'Packaging' table on 'Edit Packaging' form for seq # '1'
2022-05-01 19:11:35.0697 [INFO] Screenshot[screenshots\Application_20220501191134_901c5.jpeg]Screenshot
2022-05-01 19:11:35.1076 [TRACE] And 'pack' information for '1' seq number in 'Packaging' table on 'Edit Packaging' page should be valid for 'Pack1'
2022-05-01 19:11:38.6957 [INFO] Screenshot[screenshots\Application_20220501191138_3f07d.jpeg]Screenshot
2022-05-01 19:11:38.7398 [TRACE] When click 'Accept Changes' action button on 'Edit Packaging' dialog
2022-05-01 19:11:39.8259 [INFO] Screenshot[screenshots\Application_20220501191139_67837.jpeg]Screenshot
2022-05-01 19:11:39.9107 [TRACE] Then 'Shipment Dialog' page should be shown
2022-05-01 19:11:41.1413 [INFO] Screenshot[screenshots\Application_20220501191140_e4d9d.jpeg]Screenshot
2022-05-01 19:11:41.1808 [TRACE] And 'Packaging' block is populated on 'Shipment Dialog' page
2022-05-01 19:11:41.9307 [INFO] Screenshot[screenshots\Application_20220501191141_f7be6.jpeg]Screenshot
2022-05-01 19:11:42.0187 [TRACE] And STEP 13
2022-05-01 19:11:42.0790 [TRACE] When click 'Rate Current' button for 'Total Charges' block on 'Shipment Dialog' page
2022-05-01 19:11:43.1097 [INFO] Screenshot[screenshots\Application_20220501191142_618ee.jpeg]Screenshot
2022-05-01 19:11:43.2746 [TRACE] Then charges table contains some 'Blue' value on 'Total Charges' form
2022-05-01 19:11:44.6807 [INFO] Screenshot[screenshots\Application_20220501191144_2a0d3.jpeg]Screenshot
2022-05-01 19:11:44.7218 [TRACE] When save charges to 'chargesDashboard9670B' model from 'Total Charges' form:
  --- table step argument ---
  | Name        | Value   |
  | Grand Total | Applied |
2022-05-01 19:11:46.4830 [INFO] Screenshot[screenshots\Application_20220501191145_d3069.jpeg]Screenshot
2022-05-01 19:11:46.5246 [TRACE] Then 'chargesDashboard9670B' model should not be empty
2022-05-01 19:11:47.0877 [INFO] Screenshot[screenshots\Application_20220501191146_8e5ea.jpeg]Screenshot
2022-05-01 19:11:47.1737 [TRACE] And STEP 14
2022-05-01 19:11:47.2328 [TRACE] When click 'Ship/Process' floating button on 'Shipment Dialog' page
2022-05-01 19:11:48.2937 [INFO] Screenshot[screenshots\Application_20220501191147_502d1.jpeg]Screenshot
2022-05-01 19:11:52.8580 [TRACE] And click 'OK' button on 'The shipment has been shipped/processed' dialog if present
2022-05-01 19:11:54.6652 [INFO] Screenshot[screenshots\Application_20220501191153_0e4f1.jpeg]Screenshot
2022-05-01 19:11:54.7039 [TRACE] Then 'Shipment Dialog' page should not be shown
2022-05-01 19:11:54.8427 [INFO] Element 'Shipment Dialog' was not found. 
2022-05-01 19:11:55.3911 [INFO] Screenshot[screenshots\Application_20220501191154_d250e.jpeg]Screenshot
2022-05-01 19:11:55.4297 [TRACE] And 'Shipments' page should be shown
2022-05-01 19:11:56.0909 [INFO] Screenshot[screenshots\Application_20220501191155_33e36.jpeg]Screenshot
2022-05-01 19:11:56.1321 [TRACE] And the shipment with '9670-B' 'PO Numbers' is shown in 'Shipments' table on 'Shipments' page
2022-05-01 19:11:57.3729 [INFO] Screenshot[screenshots\Application_20220501191156_8a654.jpeg]Screenshot
2022-05-01 19:11:57.4548 [TRACE] And STEP 15
2022-05-01 19:11:57.5147 [TRACE] When click 'Dashboard' on header menu
2022-05-01 19:11:57.6621 [INFO] Element 'Alert message' was not found. 
2022-05-01 19:11:59.8008 [INFO] Screenshot[screenshots\Application_20220501191159_1c136.jpeg]Screenshot
2022-05-01 19:12:02.4687 [TRACE] Then 'Alert' dialog should be shown
2022-05-01 19:12:03.1897 [INFO] Screenshot[screenshots\Application_20220501191202_9734b.jpeg]Screenshot
2022-05-01 19:12:03.2703 [TRACE] When click 'Yes' button on 'Alert' dialog
2022-05-01 19:12:08.4048 [INFO] "Yes" button is present on the "Alert" dialog
2022-05-01 19:12:10.8809 [INFO] Screenshot[screenshots\Application_20220501191210_b141a.jpeg]Screenshot
2022-05-01 19:12:10.9299 [TRACE] Then 'Alert' dialog should not be shown
2022-05-01 19:12:11.0659 [INFO] Element 'Alert' was not found. 
2022-05-01 19:12:11.6317 [INFO] Screenshot[screenshots\Application_20220501191211_d71c8.jpeg]Screenshot
2022-05-01 19:12:11.6709 [TRACE] And 'Dashboard' page should be shown
2022-05-01 19:12:12.3387 [INFO] Screenshot[screenshots\Application_20220501191211_b5792.jpeg]Screenshot
2022-05-01 19:12:12.3759 [TRACE] And following charts should be shown on 'Dashboard' page:
  --- table step argument ---
  | Value           |
  | Total Shipments |
  | Total Orders    |
  | Total Packages  |
  | Total Costs     |
2022-05-01 19:12:13.8329 [INFO] Screenshot[screenshots\Application_20220501191213_a73c0.jpeg]Screenshot
2022-05-01 19:12:13.9172 [TRACE] And STEP 16
2022-05-01 19:12:13.9738 [TRACE] Then 'Total Shipments' chart should contains 'Total Shipments' and '2' values on 'Dashboard' page
2022-05-01 19:12:14.8317 [INFO] Screenshot[screenshots\Application_20220501191214_5a36a.jpeg]Screenshot
2022-05-01 19:12:14.8729 [TRACE] And 'Total Shipments' chart should contains 'Average Weekly Shipments' and '0' values on 'Dashboard' page
2022-05-01 19:12:16.2868 [INFO] Screenshot[screenshots\Application_20220501191215_36ac6.jpeg]Screenshot
2022-05-01 19:12:16.3238 [TRACE] And 'Total Shipments' chart should contains 'Peak Weekly Shipments' and '2' values on 'Dashboard' page
2022-05-01 19:12:17.1659 [INFO] Screenshot[screenshots\Application_20220501191216_3f7dd.jpeg]Screenshot
2022-05-01 19:12:17.2057 [TRACE] And STEP 17
2022-05-01 19:12:17.3077 [TRACE] Then 'Total Orders' chart should contains 'Total Orders' and '0' values on 'Dashboard' page
2022-05-01 19:12:18.1676 [INFO] Screenshot[screenshots\Application_20220501191217_b5ec7.jpeg]Screenshot
2022-05-01 19:12:18.2076 [TRACE] And 'Total Orders' chart should contains 'Average Weekly Orders' and '0' values on 'Dashboard' page
2022-05-01 19:12:19.0537 [INFO] Screenshot[screenshots\Application_20220501191218_627bf.jpeg]Screenshot
2022-05-01 19:12:19.0930 [TRACE] And 'Total Orders' chart should contains 'Peak Weekly Orders' and '0' values on 'Dashboard' page
2022-05-01 19:12:19.9268 [INFO] Screenshot[screenshots\Application_20220501191219_b1ad0.jpeg]Screenshot
2022-05-01 19:12:19.9658 [TRACE] And STEP 18
2022-05-01 19:12:20.0728 [TRACE] Then 'Total Packages' chart should contains 'Total Packages' and '7' values on 'Dashboard' page
2022-05-01 19:12:20.9849 [INFO] Screenshot[screenshots\Application_20220501191220_f100d.jpeg]Screenshot
2022-05-01 19:12:21.0247 [TRACE] And 'Total Packages' chart should contains 'Average Weekly Packages' and '1' values on 'Dashboard' page
2022-05-01 19:12:21.8666 [INFO] Screenshot[screenshots\Application_20220501191221_8ce9d.jpeg]Screenshot
2022-05-01 19:12:21.9067 [TRACE] And 'Total Packages' chart should contains 'Peak Weekly Packages' and '7' values on 'Dashboard' page
2022-05-01 19:12:22.7678 [INFO] Screenshot[screenshots\Application_20220501191222_8a0b6.jpeg]Screenshot
2022-05-01 19:12:22.8047 [TRACE] And STEP 19
2022-05-01 19:12:22.9057 [TRACE] Then 'Total Costs' chart should contains sum 'chargesDashboard9670A' and 'chargesDashboard9670B' values on 'Dashboard' page for followed fields:
  --- table step argument ---
  | Value             |
  | Total Costs       |
  | Peak Weekly Costs |
2022-05-01 19:12:23.9919 [INFO] Screenshot[screenshots\Application_20220501191223_00afb.jpeg]Screenshot
2022-05-01 19:12:24.0757 [TRACE] And STEP 20
2022-05-01 19:12:24.1357 [TRACE] When open right sub menu for 'Overview' item on main menu
2022-05-01 19:12:25.5098 [INFO] Screenshot[screenshots\Application_20220501191224_6895b.jpeg]Screenshot
2022-05-01 19:12:25.5957 [TRACE] And click 'Delete' right sub menu item for 'Overview' item on main menu
2022-05-01 19:12:26.5687 [INFO] Screenshot[screenshots\Application_20220501191225_7b50f.jpeg]Screenshot
2022-05-01 19:12:26.6067 [TRACE] Then not contains 'Overview' item on main menu
2022-05-01 19:12:40.6921 [INFO] Screenshot[screenshots\Application_20220501191240_63774.jpeg]Screenshot
2022-05-01 19:12:40.7397 [TRACE] When open right sub menu for 'Performance Indicators' item on main menu
2022-05-01 19:12:41.9137 [INFO] Screenshot[screenshots\Application_20220501191241_93d63.jpeg]Screenshot
2022-05-01 19:12:42.0010 [TRACE] And click 'Delete' right sub menu item for 'Performance Indicators' item on main menu
2022-05-01 19:12:42.7508 [INFO] Screenshot[screenshots\Application_20220501191242_9c9f3.jpeg]Screenshot
2022-05-01 19:12:42.7896 [TRACE] Then not contains 'Performance Indicators' item on main menu
2022-05-01 19:12:54.2638 [INFO] Screenshot[screenshots\Application_20220501191253_33bad.jpeg]Screenshot
2022-05-01 19:12:54.3539 [TRACE] When open right sub menu for 'History & Status' item on main menu
2022-05-01 19:12:55.4531 [INFO] Screenshot[screenshots\Application_20220501191254_9460f.jpeg]Screenshot
2022-05-01 19:12:55.4968 [TRACE] And click 'Delete' right sub menu item for 'History & Status' item on main menu
2022-05-01 19:12:56.3780 [INFO] Screenshot[screenshots\Application_20220501191255_6b130.jpeg]Screenshot
2022-05-01 19:12:57.0018 [TRACE] Then not contains 'History & Status' item on main menu
2022-05-01 19:13:09.1028 [INFO] Screenshot[screenshots\Application_20220501191308_ac38b.jpeg]Screenshot
2022-05-01 19:13:09.6597 [TRACE] When open right sub menu for 'Top Statistics' item on main menu
2022-05-01 19:13:10.7268 [INFO] Screenshot[screenshots\Application_20220501191310_a6eba.jpeg]Screenshot
2022-05-01 19:13:10.7679 [TRACE] And click 'Delete' right sub menu item for 'Top Statistics' item on main menu
2022-05-01 19:13:11.6397 [INFO] Screenshot[screenshots\Application_20220501191310_08d48.jpeg]Screenshot
2022-05-01 19:13:11.6807 [TRACE] Then not contains 'Top Statistics' item on main menu
2022-05-01 19:13:25.0782 [INFO] Screenshot[screenshots\Application_20220501191324_45988.jpeg]Screenshot
2022-05-01 19:13:25.1157 [TRACE] When open right sub menu for 'Maps' item on main menu
2022-05-01 19:13:26.3820 [INFO] Screenshot[screenshots\Application_20220501191325_e12fe.jpeg]Screenshot
2022-05-01 19:13:26.4680 [TRACE] And click 'Delete' right sub menu item for 'Maps' item on main menu
2022-05-01 19:13:27.4732 [INFO] Screenshot[screenshots\Application_20220501191326_2ae6e.jpeg]Screenshot
2022-05-01 19:13:27.5101 [TRACE] Then not contains 'Maps' item on main menu
2022-05-01 19:13:39.3440 [INFO] Screenshot[screenshots\Application_20220501191338_a8881.jpeg]Screenshot
2022-05-01 19:13:39.4249 [TRACE] And STEP 21
2022-05-01 19:13:39.4878 [TRACE] When go to 'Shipments' module
2022-05-01 19:13:39.5139 [INFO] Navigate to URL: http://10.0.40.108:180/Shipments
2022-05-01 19:13:41.5212 [INFO] Screenshot[screenshots\Application_20220501191340_f5376.jpeg]Screenshot
2022-05-01 19:13:46.9177 [TRACE] Then 'Shipments' page should be shown
2022-05-01 19:13:47.5730 [INFO] Screenshot[screenshots\Application_20220501191347_97db2.jpeg]Screenshot
2022-05-01 19:13:47.6558 [TRACE] When click 'Delete Shipment' table button for shipment with '9670-A' 'PO Numbers' on 'Shipments' page
2022-05-01 19:13:49.3239 [INFO] Screenshot[screenshots\Application_20220501191348_3986d.jpeg]Screenshot
2022-05-01 19:13:49.4098 [TRACE] Then 'Alert' page should be shown
2022-05-01 19:13:50.1609 [INFO] Screenshot[screenshots\Application_20220501191349_ad1a9.jpeg]Screenshot
2022-05-01 19:13:50.2456 [TRACE] When click 'Yes' button on 'Alert' dialog
2022-05-01 19:13:55.3999 [INFO] "Yes" button is present on the "Alert" dialog
2022-05-01 19:13:59.3997 [INFO] Screenshot[screenshots\Application_20220501191358_8d170.jpeg]Screenshot
2022-05-01 19:13:59.4388 [TRACE] Then 'Alert' page should not be shown
2022-05-01 19:13:59.5458 [INFO] Element 'Alert' was not found. 
2022-05-01 19:14:00.0477 [INFO] Screenshot[screenshots\Application_20220501191359_eb85a.jpeg]Screenshot
2022-05-01 19:14:00.1328 [TRACE] And 'Shipments' page should be shown
2022-05-01 19:14:00.7529 [INFO] Screenshot[screenshots\Application_20220501191400_58f4d.jpeg]Screenshot
2022-05-01 19:14:00.8389 [TRACE] And the shipment with '9670-A' 'PO Numbers' is not shown in 'Shipments' table on 'Shipments' page
2022-05-01 19:14:01.3448 [INFO] Element 'Row in the table' was not found. 
2022-05-01 19:14:01.8577 [INFO] Screenshot[screenshots\Application_20220501191401_08f83.jpeg]Screenshot
2022-05-01 19:14:01.9410 [TRACE] When click 'Delete Shipment' table button for shipment with '9670-B' 'PO Numbers' on 'Shipments' page
2022-05-01 19:14:03.3838 [INFO] Screenshot[screenshots\Application_20220501191402_a2dec.jpeg]Screenshot
2022-05-01 19:14:03.4716 [TRACE] Then 'Alert' page should be shown
2022-05-01 19:14:04.2347 [INFO] Screenshot[screenshots\Application_20220501191403_268ef.jpeg]Screenshot
2022-05-01 19:14:04.2787 [TRACE] When click 'Yes' button on 'Alert' dialog
2022-05-01 19:14:09.4177 [INFO] "Yes" button is present on the "Alert" dialog
2022-05-01 19:14:12.8368 [INFO] Screenshot[screenshots\Application_20220501191412_dd6a3.jpeg]Screenshot
2022-05-01 19:14:12.9259 [TRACE] Then 'Alert' page should not be shown
2022-05-01 19:14:13.0468 [INFO] Element 'Alert' was not found. 
2022-05-01 19:14:13.5609 [INFO] Screenshot[screenshots\Application_20220501191413_79727.jpeg]Screenshot
2022-05-01 19:14:13.6396 [TRACE] And 'Shipments' page should be shown
2022-05-01 19:14:14.2609 [INFO] Screenshot[screenshots\Application_20220501191413_4c315.jpeg]Screenshot
2022-05-01 19:14:14.2988 [TRACE] And the shipment with '9670-B' 'PO Numbers' is not shown in 'Shipments' table on 'Shipments' page
2022-05-01 19:14:14.9159 [INFO] Element 'Row in the table' was not found. 
2022-05-01 19:14:15.4398 [INFO] Screenshot[screenshots\Application_20220501191414_52204.jpeg]Screenshot
2022-05-01 19:14:15.4778 [TRACE] And STEP 22
2022-05-01 19:14:15.5371 [TRACE] Then user is logged out
2022-05-01 19:14:15.6518 [INFO] Element 'Alert message' was not found. 
2022-05-01 19:14:17.7450 [INFO] Screenshot[screenshots\Application_20220501191417_87db1.jpeg]Screenshot
2022-05-01 19:14:17.8398 [DEBUG] AfterScenario actions have started for 'Dashboard: Add Summary Charts'
2022-05-01 19:14:23.9057 [INFO] Element 'Alert message' was not found. 
2022-05-01 19:14:36.8407 [INFO] Element 'Alert message' was not found. 
2022-05-01 19:14:41.2757 [DEBUG] Test result has added to TR
2022-05-01 19:14:41.7007 [DEBUG] After Scenario Analysis For Testrail for 'Dashboard: Add Summary Charts' has been completed.
2022-05-01 19:14:41.7249 [INFO] Finish scenario "Dashboard: Add Summary Charts"
]]></output>
            </test-case>
          </test-suite>
          <test-suite type="TestFixture" id="0-1172" name="SetupShipViaRulesFeature" fullname="AutoTests.Specs.Setup.SetupShipViaRulesFeature" classname="AutoTests.Specs.Setup.SetupShipViaRulesFeature" runstate="Runnable" testcasecount="6" result="Passed" start-time="2022-05-01 23:14:41Z" end-time="2022-05-01 23:18:59Z" duration="257.895476" total="2" passed="2" failed="0" warnings="0" inconclusive="0" skipped="0" asserts="0">
            <properties>
              <property name="Description" value="Setup Ship Via Rules" />
            </properties>
            <test-case id="0-1178" name="DisableServices" fullname="AutoTests.Specs.Setup.SetupShipViaRulesFeature.DisableServices" methodname="DisableServices" classname="AutoTests.Specs.Setup.SetupShipViaRulesFeature" runstate="Runnable" seed="40345707" result="Passed" start-time="2022-05-01 23:14:41Z" end-time="2022-05-01 23:17:53Z" duration="191.279822" asserts="0">
              <properties>
                <property name="Description" value="Disable Services" />
                <property name="Category" value="3436" />
                <property name="Category" value="onPrem" />
                <property name="Category" value="cloud" />
                <property name="Category" value="singleThread" />
                <property name="Category" value="RestoreAfterScenario" />
              </properties>
              <output><![CDATA[2022-05-01 19:14:42.2189 [DEBUG] CleanupStores for Disable Services has been completed
2022-05-01 19:14:42.2363 [INFO] 
*** AutoTests.Specs.Setup.SetupShipViaRulesFeature.DisableServices
2022-05-01 19:14:42.2522 [INFO] Start scenario "3436": "Disable Services"
2022-05-01 19:14:42.2678 [TRACE] Reloading WebDriver.
2022-05-01 19:14:42.2918 [TRACE] Chosen browser from config: Chrome
2022-05-01 19:14:43.7970 [TRACE] Webdriver browser name: Chrome
2022-05-01 19:14:43.8147 [TRACE] Webdriver browser version: 87.0.4280.66
2022-05-01 19:14:43.8327 [TRACE] Platform : Linux
2022-05-01 19:14:43.8550 [TRACE] Browser size: {Width=1920, Height=1080}
2022-05-01 19:14:43.8706 [TRACE] WebDriver reloaded.
2022-05-01 19:14:43.8932 [INFO] Navigate to URL: http://10.0.40.108:180/
2022-05-01 19:14:44.3607 [TRACE] And STEP 1
2022-05-01 19:14:44.4248 [TRACE] Given user is logged in with location 'Default' and the following credentials:
  --- table step argument ---
  | Username               | Password               |
  | @Login.BaseDB.UserName | @Login.BaseDB.Password |
2022-05-01 19:14:51.6997 [INFO] Screenshot[screenshots\Application_20220501191451_e2e06.jpeg]Screenshot
2022-05-01 19:14:51.7368 [TRACE] When click '×' button if 'test alert' dialog is present
2022-05-01 19:14:51.7647 [INFO] Check that dialog test alert is present.
2022-05-01 19:15:02.7666 [INFO] Screenshot[screenshots\Application_20220501191502_b322f.jpeg]Screenshot
2022-05-01 19:15:02.8048 [TRACE] And go to 'Setup' module
2022-05-01 19:15:03.4257 [INFO] Screenshot[screenshots\Application_20220501191502_8c1a7.jpeg]Screenshot
2022-05-01 19:15:03.5092 [TRACE] And open 'Ship Via Rules' on main menu
2022-05-01 19:15:06.8148 [INFO] Screenshot[screenshots\Application_20220501191506_d304b.jpeg]Screenshot
2022-05-01 19:15:06.8531 [TRACE] Then 'Ship Via Rules' page should be shown
2022-05-01 19:15:07.5257 [INFO] Screenshot[screenshots\Application_20220501191507_815eb.jpeg]Screenshot
2022-05-01 19:15:07.6047 [TRACE] When load Disabled Services data from 'Setup\ShipViaRules\DisabledServices.json' file for 'DisabledServices1'
2022-05-01 19:15:08.1649 [INFO] Screenshot[screenshots\Application_20220501191507_e9cc4.jpeg]Screenshot
2022-05-01 19:15:08.2249 [TRACE] And load Disabled Services data from 'Setup\ShipViaRules\DisabledServices.json' file for 'DisabledServices2'
2022-05-01 19:15:08.7416 [INFO] Screenshot[screenshots\Application_20220501191508_68415.jpeg]Screenshot
2022-05-01 19:15:08.8257 [TRACE] And load Disabled Services data from 'Setup\ShipViaRules\DisabledServices.json' file for 'DisabledServices3'
2022-05-01 19:15:09.3527 [INFO] Screenshot[screenshots\Application_20220501191508_e9931.jpeg]Screenshot
2022-05-01 19:15:09.3919 [TRACE] And load Disabled Services data from 'Setup\ShipViaRules\DisabledServices.json' file for 'DisabledServices4'
2022-05-01 19:15:09.9080 [INFO] Screenshot[screenshots\Application_20220501191509_1c2f5.jpeg]Screenshot
2022-05-01 19:15:09.9860 [TRACE] And STEP 2
2022-05-01 19:15:10.0466 [TRACE] When click 'Disable Services' tab on 'Ship Via Rules' page
2022-05-01 19:15:10.9077 [INFO] Screenshot[screenshots\Application_20220501191510_de4e1.jpeg]Screenshot
2022-05-01 19:15:10.9486 [TRACE] Then tab 'Disable Services' is opened on 'Ship Via Rules' page
2022-05-01 19:15:11.5757 [INFO] Screenshot[screenshots\Application_20220501191511_542fb.jpeg]Screenshot
2022-05-01 19:15:11.6109 [TRACE] When check 'Disable specific parcel services' checkbox on 'Ship Via Rules' page
2022-05-01 19:15:12.6867 [INFO] Screenshot[screenshots\Application_20220501191512_b7d30.jpeg]Screenshot
2022-05-01 19:15:12.7707 [TRACE] Then parcel carriers list is present on 'Ship Via Rules' page
2022-05-01 19:15:13.4117 [INFO] Screenshot[screenshots\Application_20220501191512_302b2.jpeg]Screenshot
2022-05-01 19:15:13.4487 [TRACE] And STEP 3
2022-05-01 19:15:13.5519 [TRACE] When expand carrier from 'DisabledServices1' on 'Ship Via Rules' page
2022-05-01 19:15:14.7337 [INFO] Screenshot[screenshots\Application_20220501191513_6d4a8.jpeg]Screenshot
2022-05-01 19:15:14.8177 [TRACE] And сlick on the boxes next to services from 'DisabledServices1' on 'Ship Via Rules' page
2022-05-01 19:15:16.0787 [INFO] Screenshot[screenshots\Application_20220501191515_194d1.jpeg]Screenshot
2022-05-01 19:15:16.1587 [TRACE] Then services from 'DisabledServices1' are disabled on 'Ship Via Rules' page
2022-05-01 19:15:16.8487 [INFO] Screenshot[screenshots\Application_20220501191516_7f2a6.jpeg]Screenshot
2022-05-01 19:15:16.8883 [TRACE] And carrier from 'DisabledServices1' is partial disabled on 'Ship Via Rules' page
2022-05-01 19:15:17.6021 [INFO] Screenshot[screenshots\Application_20220501191517_fa4fa.jpeg]Screenshot
2022-05-01 19:15:17.6429 [TRACE] And STEP 4
2022-05-01 19:15:17.7009 [TRACE] When expand carrier from 'DisabledServices2' on 'Ship Via Rules' page
2022-05-01 19:15:18.9650 [INFO] Screenshot[screenshots\Application_20220501191518_764bf.jpeg]Screenshot
2022-05-01 19:15:19.0049 [TRACE] And сlick on the boxes next to services from 'DisabledServices2' on 'Ship Via Rules' page
2022-05-01 19:15:20.7489 [INFO] Screenshot[screenshots\Application_20220501191520_5f923.jpeg]Screenshot
2022-05-01 19:15:20.8307 [TRACE] Then services from 'DisabledServices2' are disabled on 'Ship Via Rules' page
2022-05-01 19:15:21.6427 [INFO] Screenshot[screenshots\Application_20220501191521_3637d.jpeg]Screenshot
2022-05-01 19:15:21.7219 [TRACE] And carrier from 'DisabledServices2' is partial disabled on 'Ship Via Rules' page
2022-05-01 19:15:22.4337 [INFO] Screenshot[screenshots\Application_20220501191521_37656.jpeg]Screenshot
2022-05-01 19:15:22.4717 [TRACE] And STEP 5
2022-05-01 19:15:22.5277 [TRACE] When expand carrier from 'DisabledServices3' on 'Ship Via Rules' page
2022-05-01 19:15:23.8617 [INFO] Screenshot[screenshots\Application_20220501191522_0cba0.jpeg]Screenshot
2022-05-01 19:15:23.8970 [TRACE] And сlick on the boxes next to services from 'DisabledServices3' on 'Ship Via Rules' page
2022-05-01 19:15:24.8818 [INFO] Screenshot[screenshots\Application_20220501191524_79436.jpeg]Screenshot
2022-05-01 19:15:24.9198 [TRACE] Then services from 'DisabledServices3' are disabled on 'Ship Via Rules' page
2022-05-01 19:15:25.5726 [INFO] Screenshot[screenshots\Application_20220501191525_67c21.jpeg]Screenshot
2022-05-01 19:15:25.6240 [TRACE] And carrier from 'DisabledServices3' is partial disabled on 'Ship Via Rules' page
2022-05-01 19:15:26.3838 [INFO] Screenshot[screenshots\Application_20220501191525_f6769.jpeg]Screenshot
2022-05-01 19:15:26.4219 [TRACE] And STEP 6
2022-05-01 19:15:26.5229 [TRACE] When disable carrier from 'DisabledServices4' on 'Ship Via Rules' page
2022-05-01 19:15:27.8169 [INFO] Screenshot[screenshots\Application_20220501191526_e122d.jpeg]Screenshot
2022-05-01 19:15:27.8529 [TRACE] Then carrier from 'DisabledServices4' is disabled on 'Ship Via Rules' page
2022-05-01 19:15:28.5067 [INFO] Screenshot[screenshots\Application_20220501191527_4b0e3.jpeg]Screenshot
2022-05-01 19:15:28.5458 [TRACE] And services from 'DisabledServices4' are disabled on 'Ship Via Rules' page
2022-05-01 19:15:29.9836 [INFO] Screenshot[screenshots\Application_20220501191529_8c747.jpeg]Screenshot
2022-05-01 19:15:30.0217 [TRACE] And STEP 7
2022-05-01 19:15:30.1228 [TRACE] When click 'Save' action button on 'Ship Via Rules' page
2022-05-01 19:15:30.2412 [INFO] Element 'Alert Info Message' was not found. 
2022-05-01 19:15:32.1303 [INFO] Screenshot[screenshots\Application_20220501191531_ff60e.jpeg]Screenshot
2022-05-01 19:15:32.1668 [TRACE] Then disabled services table contains services from 'DisabledServices1, DisabledServices2, DisabledServices3, DisabledServices4' on 'Ship Via Rules' page
2022-05-01 19:15:33.4817 [INFO] Screenshot[screenshots\Application_20220501191532_c2624.jpeg]Screenshot
2022-05-01 19:15:33.5257 [TRACE] And STEP 8
2022-05-01 19:15:33.6247 [TRACE] When go to 'Shipments' module
2022-05-01 19:15:33.6557 [INFO] Navigate to URL: http://10.0.40.108:180/Shipments
2022-05-01 19:15:36.0809 [INFO] Screenshot[screenshots\Application_20220501191535_7666f.jpeg]Screenshot
2022-05-01 19:15:40.9619 [TRACE] And open 'Shipments' on main menu
2022-05-01 19:15:43.3092 [INFO] Screenshot[screenshots\Application_20220501191542_8f829.jpeg]Screenshot
2022-05-01 19:15:43.3908 [TRACE] Then 'Shipments' page should be shown
2022-05-01 19:15:44.0347 [INFO] Screenshot[screenshots\Application_20220501191543_fa902.jpeg]Screenshot
2022-05-01 19:15:44.0737 [TRACE] When click 'Shipments' tab on 'Shipments' page
2022-05-01 19:15:44.7577 [INFO] Screenshot[screenshots\Application_20220501191544_83c9c.jpeg]Screenshot
2022-05-01 19:15:44.7987 [TRACE] And click 'Create Shipment' action button on 'Shipments' page
2022-05-01 19:15:49.4059 [INFO] Screenshot[screenshots\Application_20220501191548_b805f.jpeg]Screenshot
2022-05-01 19:15:49.4457 [TRACE] Then 'Shipment Dialog' page should be shown
2022-05-01 19:15:50.1450 [INFO] Screenshot[screenshots\Application_20220501191549_1c038.jpeg]Screenshot
2022-05-01 19:15:50.2297 [TRACE] And shipment page title equal 'New Parcel Shipment' on 'Shipment Editor' menu
2022-05-01 19:15:50.9289 [INFO] Screenshot[screenshots\Application_20220501191550_ad64d.jpeg]Screenshot
2022-05-01 19:15:51.0149 [TRACE] And STEP 9
2022-05-01 19:15:51.0760 [TRACE] When click 'Edit' button for 'Transportation' block on 'Shipment Dialog' page
2022-05-01 19:15:52.2199 [INFO] Screenshot[screenshots\Application_20220501191551_9f518.jpeg]Screenshot
2022-05-01 19:15:52.2627 [TRACE] Then 'Edit Transportation' form should be shown
2022-05-01 19:15:52.9627 [INFO] Screenshot[screenshots\Application_20220501191552_27b3f.jpeg]Screenshot
2022-05-01 19:15:53.0476 [TRACE] When select 'UPS' in 'Carrier' drop-down on 'Edit Transportation' form
2022-05-01 19:15:56.5149 [INFO] Screenshot[screenshots\Application_20220501191555_acdaa.jpeg]Screenshot
2022-05-01 19:15:56.5571 [TRACE] Then 'UPS' should be selected in 'Carrier' drop-down on 'Edit Transportation' form
2022-05-01 19:15:57.2949 [INFO] Screenshot[screenshots\Application_20220501191556_91b34.jpeg]Screenshot
2022-05-01 19:15:57.3349 [TRACE] When open drop-down 'Service' on 'Edit Transportation' form
2022-05-01 19:15:57.4882 [INFO] Element 'Dropdown: 'Service'' was not found. 
2022-05-01 19:15:58.5766 [INFO] Screenshot[screenshots\Application_20220501191557_7d4c5.jpeg]Screenshot
2022-05-01 19:15:58.6177 [TRACE] Then drop-down 'Service' on 'Edit Transportation' form should not contain values from 'DisabledServices1'
2022-05-01 19:15:59.7397 [INFO] Screenshot[screenshots\Application_20220501191559_36b6c.jpeg]Screenshot
2022-05-01 19:15:59.7793 [TRACE] When close drop-down 'Service' on 'Edit Transportation' form
2022-05-01 19:16:00.7448 [INFO] Screenshot[screenshots\Application_20220501191600_d6e68.jpeg]Screenshot
2022-05-01 19:16:00.8327 [TRACE] Then drop-down 'Service' on 'Edit Transportation' form should be closed
2022-05-01 19:16:00.9677 [INFO] Element 'Dropdown: 'Service'' was not found. 
2022-05-01 19:16:01.5508 [INFO] Screenshot[screenshots\Application_20220501191601_7dd25.jpeg]Screenshot
2022-05-01 19:16:01.5877 [TRACE] And STEP 10
2022-05-01 19:16:01.6880 [TRACE] When select 'FedEx' in 'Carrier' drop-down on 'Edit Transportation' form
2022-05-01 19:16:05.0256 [INFO] Screenshot[screenshots\Application_20220501191604_b8a9c.jpeg]Screenshot
2022-05-01 19:16:05.0656 [TRACE] Then 'FedEx' should be selected in 'Carrier' drop-down on 'Edit Transportation' form
2022-05-01 19:16:05.7679 [INFO] Screenshot[screenshots\Application_20220501191605_5106b.jpeg]Screenshot
2022-05-01 19:16:05.8069 [TRACE] When open drop-down 'Service' on 'Edit Transportation' form
2022-05-01 19:16:05.9401 [INFO] Element 'Dropdown: 'Service'' was not found. 
2022-05-01 19:16:06.8847 [INFO] Screenshot[screenshots\Application_20220501191606_79b8a.jpeg]Screenshot
2022-05-01 19:16:06.9287 [TRACE] Then drop-down 'Service' on 'Edit Transportation' form should not contain values from 'DisabledServices2'
2022-05-01 19:16:07.9958 [INFO] Screenshot[screenshots\Application_20220501191607_d2516.jpeg]Screenshot
2022-05-01 19:16:08.0348 [TRACE] When close drop-down 'Service' on 'Edit Transportation' form
2022-05-01 19:16:08.9939 [INFO] Screenshot[screenshots\Application_20220501191608_4c802.jpeg]Screenshot
2022-05-01 19:16:09.5820 [TRACE] Then drop-down 'Service' on 'Edit Transportation' form should be closed
2022-05-01 19:16:09.7179 [INFO] Element 'Dropdown: 'Service'' was not found. 
2022-05-01 19:16:10.2978 [INFO] Screenshot[screenshots\Application_20220501191609_6124d.jpeg]Screenshot
2022-05-01 19:16:10.3789 [TRACE] And STEP 11
2022-05-01 19:16:10.4388 [TRACE] When select 'USPS' in 'Carrier' drop-down on 'Edit Transportation' form
2022-05-01 19:16:13.8676 [INFO] Screenshot[screenshots\Application_20220501191612_49d05.jpeg]Screenshot
2022-05-01 19:16:13.9096 [TRACE] Then 'USPS' should be selected in 'Carrier' drop-down on 'Edit Transportation' form
2022-05-01 19:16:14.6258 [INFO] Screenshot[screenshots\Application_20220501191614_9ff77.jpeg]Screenshot
2022-05-01 19:16:14.6730 [TRACE] When open drop-down 'Service' on 'Edit Transportation' form
2022-05-01 19:16:14.8053 [INFO] Element 'Dropdown: 'Service'' was not found. 
2022-05-01 19:16:15.7922 [INFO] Screenshot[screenshots\Application_20220501191615_21e6e.jpeg]Screenshot
2022-05-01 19:16:15.8330 [TRACE] Then drop-down 'Service' on 'Edit Transportation' form should not contain values from 'DisabledServices3'
2022-05-01 19:16:16.6897 [INFO] Screenshot[screenshots\Application_20220501191616_fa415.jpeg]Screenshot
2022-05-01 19:16:16.7276 [TRACE] When close drop-down 'Service' on 'Edit Transportation' form
2022-05-01 19:16:17.6469 [INFO] Screenshot[screenshots\Application_20220501191617_b1914.jpeg]Screenshot
2022-05-01 19:16:17.6901 [TRACE] Then drop-down 'Service' on 'Edit Transportation' form should be closed
2022-05-01 19:16:17.8286 [INFO] Element 'Dropdown: 'Service'' was not found. 
2022-05-01 19:16:18.4039 [INFO] Screenshot[screenshots\Application_20220501191617_87fd7.jpeg]Screenshot
2022-05-01 19:16:18.4911 [TRACE] And STEP 12
2022-05-01 19:16:18.5476 [TRACE] When select 'DHL' in 'Carrier' drop-down on 'Edit Transportation' form
2022-05-01 19:16:21.7407 [INFO] Screenshot[screenshots\Application_20220501191620_ef2f3.jpeg]Screenshot
2022-05-01 19:16:21.7836 [TRACE] Then 'DHL' should be selected in 'Carrier' drop-down on 'Edit Transportation' form
2022-05-01 19:16:22.4807 [INFO] Screenshot[screenshots\Application_20220501191621_405f3.jpeg]Screenshot
2022-05-01 19:16:22.5236 [TRACE] And 'No Services Available' should be selected in 'Service' drop-down on 'Edit Transportation' form
2022-05-01 19:16:23.2401 [INFO] Screenshot[screenshots\Application_20220501191622_9abfb.jpeg]Screenshot
2022-05-01 19:16:23.3247 [TRACE] When click 'Additional Information' icon for 'Service' field on 'Edit Transportation' form
2022-05-01 19:16:24.3089 [INFO] Screenshot[screenshots\Application_20220501191623_c360b.jpeg]Screenshot
2022-05-01 19:16:24.3488 [TRACE] Then 'Tooltip' page should be shown
2022-05-01 19:16:25.1047 [INFO] Screenshot[screenshots\Application_20220501191624_47acd.jpeg]Screenshot
2022-05-01 19:16:25.1467 [TRACE] And reason 'Services disabled by Ship Via Rules.' is displayed on tooltip
2022-05-01 19:16:26.5936 [INFO] Screenshot[screenshots\Application_20220501191626_be752.jpeg]Screenshot
2022-05-01 19:16:26.6358 [TRACE] And STEP 13
2022-05-01 19:16:26.6988 [TRACE] When click 'Close' in 'Shipment Editor' menu
2022-05-01 19:16:27.6040 [INFO] Screenshot[screenshots\Application_20220501191627_28269.jpeg]Screenshot
2022-05-01 19:16:27.6917 [TRACE] Then 'Alert' page should be shown
2022-05-01 19:16:28.4448 [INFO] Screenshot[screenshots\Application_20220501191627_8b88c.jpeg]Screenshot
2022-05-01 19:16:28.4907 [TRACE] When click 'No' button on 'Alert' dialog
2022-05-01 19:16:33.6317 [INFO] "No" button is present on the "Alert" dialog
2022-05-01 19:16:35.4239 [INFO] Screenshot[screenshots\Application_20220501191634_86a13.jpeg]Screenshot
2022-05-01 19:16:35.4632 [TRACE] Then 'Shipments' page should be shown
2022-05-01 19:16:36.1017 [INFO] Screenshot[screenshots\Application_20220501191635_d665a.jpeg]Screenshot
2022-05-01 19:16:36.1390 [TRACE] And STEP 14
2022-05-01 19:16:36.2418 [TRACE] When click 'Setup' on header menu
2022-05-01 19:16:36.3089 [INFO] Element 'Alert message' was not found. 
2022-05-01 19:16:39.0899 [INFO] Screenshot[screenshots\Application_20220501191638_52f36.jpeg]Screenshot
2022-05-01 19:16:39.2537 [TRACE] And open 'Ship Via Rules' on main menu
2022-05-01 19:16:42.6596 [INFO] Screenshot[screenshots\Application_20220501191642_66f6a.jpeg]Screenshot
2022-05-01 19:16:42.6996 [TRACE] Then 'Ship Via Rules' page should be shown
2022-05-01 19:16:43.3549 [INFO] Screenshot[screenshots\Application_20220501191642_b422a.jpeg]Screenshot
2022-05-01 19:16:43.4378 [TRACE] And STEP 15
2022-05-01 19:16:43.4940 [TRACE] When click 'Disable Services' tab on 'Ship Via Rules' page
2022-05-01 19:16:44.2458 [INFO] Screenshot[screenshots\Application_20220501191643_da9a8.jpeg]Screenshot
2022-05-01 19:16:44.3257 [TRACE] Then tab 'Disable Services' is opened on 'Ship Via Rules' page
2022-05-01 19:16:44.9701 [INFO] Screenshot[screenshots\Application_20220501191644_57baf.jpeg]Screenshot
2022-05-01 19:16:45.0058 [TRACE] When uncheck 'Disable specific parcel services' checkbox on 'Ship Via Rules' page
2022-05-01 19:16:45.9260 [INFO] Screenshot[screenshots\Application_20220501191645_f4b84.jpeg]Screenshot
2022-05-01 19:16:46.0086 [TRACE] And click 'Save' action button on 'Ship Via Rules' page
2022-05-01 19:16:46.1148 [INFO] Element 'Alert Info Message' was not found. 
2022-05-01 19:16:47.5860 [INFO] Screenshot[screenshots\Application_20220501191646_542f9.jpeg]Screenshot
2022-05-01 19:16:47.6648 [TRACE] Then disabled services table contains services from 'DisabledServices1, DisabledServices2, DisabledServices3, DisabledServices4' on 'Ship Via Rules' page
2022-05-01 19:16:48.9848 [INFO] Screenshot[screenshots\Application_20220501191648_fd411.jpeg]Screenshot
2022-05-01 19:16:49.0238 [TRACE] And STEP 16
2022-05-01 19:16:49.0777 [TRACE] When go to 'Shipments' module
2022-05-01 19:16:49.1058 [INFO] Navigate to URL: http://10.0.40.108:180/Shipments
2022-05-01 19:16:51.0428 [INFO] Screenshot[screenshots\Application_20220501191650_a2de7.jpeg]Screenshot
2022-05-01 19:16:56.0347 [TRACE] And open 'Shipments' on main menu
2022-05-01 19:16:58.3767 [INFO] Screenshot[screenshots\Application_20220501191657_a348e.jpeg]Screenshot
2022-05-01 19:16:58.4159 [TRACE] Then 'Shipments' page should be shown
2022-05-01 19:16:59.0738 [INFO] Screenshot[screenshots\Application_20220501191658_a4134.jpeg]Screenshot
2022-05-01 19:16:59.1138 [TRACE] When click 'Shipments' tab on 'Shipments' page
2022-05-01 19:16:59.7697 [INFO] Screenshot[screenshots\Application_20220501191659_ce302.jpeg]Screenshot
2022-05-01 19:16:59.8576 [TRACE] And click 'Create Shipment' action button on 'Shipments' page
2022-05-01 19:17:04.4981 [INFO] Screenshot[screenshots\Application_20220501191703_18da1.jpeg]Screenshot
2022-05-01 19:17:04.5829 [TRACE] Then 'Shipment Dialog' page should be shown
2022-05-01 19:17:05.2837 [INFO] Screenshot[screenshots\Application_20220501191704_390cf.jpeg]Screenshot
2022-05-01 19:17:05.3241 [TRACE] And shipment page title equal 'New Parcel Shipment' on 'Shipment Editor' menu
2022-05-01 19:17:06.0377 [INFO] Screenshot[screenshots\Application_20220501191705_3dc08.jpeg]Screenshot
2022-05-01 19:17:06.0777 [TRACE] And STEP 17
2022-05-01 19:17:06.1407 [TRACE] When click 'Edit' button for 'Transportation' block on 'Shipment Dialog' page
2022-05-01 19:17:07.2847 [INFO] Screenshot[screenshots\Application_20220501191706_66ed5.jpeg]Screenshot
2022-05-01 19:17:07.3229 [TRACE] Then 'Edit Transportation' form should be shown
2022-05-01 19:17:08.0398 [INFO] Screenshot[screenshots\Application_20220501191707_65ec8.jpeg]Screenshot
2022-05-01 19:17:08.1196 [TRACE] When select 'UPS' in 'Carrier' drop-down on 'Edit Transportation' form
2022-05-01 19:17:11.6022 [INFO] Screenshot[screenshots\Application_20220501191711_e03e9.jpeg]Screenshot
2022-05-01 19:17:11.6797 [TRACE] Then 'UPS' should be selected in 'Carrier' drop-down on 'Edit Transportation' form
2022-05-01 19:17:12.3778 [INFO] Screenshot[screenshots\Application_20220501191711_b3a18.jpeg]Screenshot
2022-05-01 19:17:12.4636 [TRACE] When open drop-down 'Service' on 'Edit Transportation' form
2022-05-01 19:17:12.6028 [INFO] Element 'Dropdown: 'Service'' was not found. 
2022-05-01 19:17:13.5057 [INFO] Screenshot[screenshots\Application_20220501191712_1550d.jpeg]Screenshot
2022-05-01 19:17:13.5478 [TRACE] Then drop-down 'Service' on 'Edit Transportation' form should contain values from 'DisabledServices1'
2022-05-01 19:17:14.7462 [INFO] Screenshot[screenshots\Application_20220501191714_edc1e.jpeg]Screenshot
2022-05-01 19:17:14.7878 [TRACE] When close drop-down 'Service' on 'Edit Transportation' form
2022-05-01 19:17:15.7628 [INFO] Screenshot[screenshots\Application_20220501191715_ecf80.jpeg]Screenshot
2022-05-01 19:17:15.8468 [TRACE] Then drop-down 'Service' on 'Edit Transportation' form should be closed
2022-05-01 19:17:15.9336 [INFO] Element 'Dropdown: 'Service'' was not found. 
2022-05-01 19:17:16.5127 [INFO] Screenshot[screenshots\Application_20220501191715_b91d2.jpeg]Screenshot
2022-05-01 19:17:16.5529 [TRACE] When select 'FedEx' in 'Carrier' drop-down on 'Edit Transportation' form
2022-05-01 19:17:19.9739 [INFO] Screenshot[screenshots\Application_20220501191718_fb085.jpeg]Screenshot
2022-05-01 19:17:20.0139 [TRACE] Then 'FedEx' should be selected in 'Carrier' drop-down on 'Edit Transportation' form
2022-05-01 19:17:20.7100 [INFO] Screenshot[screenshots\Application_20220501191720_e0748.jpeg]Screenshot
2022-05-01 19:17:20.7528 [TRACE] When open drop-down 'Service' on 'Edit Transportation' form
2022-05-01 19:17:20.8876 [INFO] Element 'Dropdown: 'Service'' was not found. 
2022-05-01 19:17:21.8558 [INFO] Screenshot[screenshots\Application_20220501191721_933c6.jpeg]Screenshot
2022-05-01 19:17:21.9432 [TRACE] Then drop-down 'Service' on 'Edit Transportation' form should contain values from 'DisabledServices2'
2022-05-01 19:17:23.1128 [INFO] Screenshot[screenshots\Application_20220501191722_b6425.jpeg]Screenshot
2022-05-01 19:17:23.1527 [TRACE] When close drop-down 'Service' on 'Edit Transportation' form
2022-05-01 19:17:24.1466 [INFO] Screenshot[screenshots\Application_20220501191723_60b2b.jpeg]Screenshot
2022-05-01 19:17:24.7407 [TRACE] Then drop-down 'Service' on 'Edit Transportation' form should be closed
2022-05-01 19:17:24.8769 [INFO] Element 'Dropdown: 'Service'' was not found. 
2022-05-01 19:17:25.4449 [INFO] Screenshot[screenshots\Application_20220501191724_07cec.jpeg]Screenshot
2022-05-01 19:17:25.5277 [TRACE] When select 'USPS' in 'Carrier' drop-down on 'Edit Transportation' form
2022-05-01 19:17:28.9789 [INFO] Screenshot[screenshots\Application_20220501191728_15f46.jpeg]Screenshot
2022-05-01 19:17:29.0217 [TRACE] Then 'USPS' should be selected in 'Carrier' drop-down on 'Edit Transportation' form
2022-05-01 19:17:29.7680 [INFO] Screenshot[screenshots\Application_20220501191729_59efe.jpeg]Screenshot
2022-05-01 19:17:29.8087 [TRACE] When open drop-down 'Service' on 'Edit Transportation' form
2022-05-01 19:17:29.8989 [INFO] Element 'Dropdown: 'Service'' was not found. 
2022-05-01 19:17:30.8509 [INFO] Screenshot[screenshots\Application_20220501191730_d858f.jpeg]Screenshot
2022-05-01 19:17:30.8888 [TRACE] Then drop-down 'Service' on 'Edit Transportation' form should contain values from 'DisabledServices3'
2022-05-01 19:17:31.8008 [INFO] Screenshot[screenshots\Application_20220501191731_71e1c.jpeg]Screenshot
2022-05-01 19:17:31.8412 [TRACE] When close drop-down 'Service' on 'Edit Transportation' form
2022-05-01 19:17:32.7648 [INFO] Screenshot[screenshots\Application_20220501191732_1cfdc.jpeg]Screenshot
2022-05-01 19:17:32.8079 [TRACE] Then drop-down 'Service' on 'Edit Transportation' form should be closed
2022-05-01 19:17:32.9858 [INFO] Element 'Dropdown: 'Service'' was not found. 
2022-05-01 19:17:33.5497 [INFO] Screenshot[screenshots\Application_20220501191733_e8fb4.jpeg]Screenshot
2022-05-01 19:17:33.6370 [TRACE] When select 'DHL' in 'Carrier' drop-down on 'Edit Transportation' form
2022-05-01 19:17:36.6927 [INFO] Screenshot[screenshots\Application_20220501191735_4eb43.jpeg]Screenshot
2022-05-01 19:17:36.7757 [TRACE] Then 'DHL' should be selected in 'Carrier' drop-down on 'Edit Transportation' form
2022-05-01 19:17:37.4877 [INFO] Screenshot[screenshots\Application_20220501191736_86c75.jpeg]Screenshot
2022-05-01 19:17:37.5276 [TRACE] And STEP 18
2022-05-01 19:17:37.6303 [TRACE] When click 'Close' in 'Shipment Editor' menu
2022-05-01 19:17:38.5767 [INFO] Screenshot[screenshots\Application_20220501191737_bc741.jpeg]Screenshot
2022-05-01 19:17:38.6208 [TRACE] Then 'Alert' page should be shown
2022-05-01 19:17:39.3700 [INFO] Screenshot[screenshots\Application_20220501191738_18292.jpeg]Screenshot
2022-05-01 19:17:39.4147 [TRACE] When click 'No' button on 'Alert' dialog
2022-05-01 19:17:44.5588 [INFO] "No" button is present on the "Alert" dialog
2022-05-01 19:17:45.7878 [INFO] Screenshot[screenshots\Application_20220501191745_618db.jpeg]Screenshot
2022-05-01 19:17:45.8267 [TRACE] Then 'Shipments' page should be shown
2022-05-01 19:17:46.4998 [INFO] Screenshot[screenshots\Application_20220501191746_1e7c1.jpeg]Screenshot
2022-05-01 19:17:46.5400 [TRACE] And STEP 19
2022-05-01 19:17:46.6409 [TRACE] Then user is logged out
2022-05-01 19:17:46.7527 [INFO] Element 'Alert message' was not found. 
2022-05-01 19:17:48.9177 [INFO] Screenshot[screenshots\Application_20220501191748_fa114.jpeg]Screenshot
2022-05-01 19:17:49.0022 [DEBUG] AfterScenario actions have started for 'Disable Services'
2022-05-01 19:17:51.8988 [DEBUG] Test result has added to TR
2022-05-01 19:17:53.0838 [DEBUG] After Scenario Analysis For Testrail for 'Disable Services' has been completed.
2022-05-01 19:17:53.1029 [INFO] Finish scenario "Disable Services"
]]></output>
            </test-case>
            <test-case id="0-1174" name="ShipViaRulesSettings" fullname="AutoTests.Specs.Setup.SetupShipViaRulesFeature.ShipViaRulesSettings" methodname="ShipViaRulesSettings" classname="AutoTests.Specs.Setup.SetupShipViaRulesFeature" runstate="Runnable" seed="1350501810" result="Passed" start-time="2022-05-01 23:17:53Z" end-time="2022-05-01 23:18:59Z" duration="66.612344" asserts="0">
              <properties>
                <property name="Description" value="Ship Via Rules Settings" />
                <property name="Category" value="3407" />
                <property name="Category" value="onPrem" />
                <property name="Category" value="cloud" />
                <property name="Category" value="singleThread" />
                <property name="Category" value="RestoreAfterScenario" />
              </properties>
              <output><![CDATA[2022-05-01 19:17:53.4841 [DEBUG] CleanupStores for Ship Via Rules Settings has been completed
2022-05-01 19:17:53.5033 [INFO] 
*** AutoTests.Specs.Setup.SetupShipViaRulesFeature.ShipViaRulesSettings
2022-05-01 19:17:53.5198 [INFO] Start scenario "3407": "Ship Via Rules Settings"
2022-05-01 19:17:53.5370 [TRACE] Reloading WebDriver.
2022-05-01 19:17:53.5577 [TRACE] Chosen browser from config: Chrome
2022-05-01 19:17:55.0249 [TRACE] Webdriver browser name: Chrome
2022-05-01 19:17:55.0507 [TRACE] Webdriver browser version: 87.0.4280.66
2022-05-01 19:17:55.0679 [TRACE] Platform : Linux
2022-05-01 19:17:55.0887 [TRACE] Browser size: {Width=1920, Height=1080}
2022-05-01 19:17:55.1038 [TRACE] WebDriver reloaded.
2022-05-01 19:17:55.1280 [INFO] Navigate to URL: http://10.0.40.108:180/
2022-05-01 19:17:55.6137 [TRACE] And STEP 1
2022-05-01 19:17:55.6789 [TRACE] Given user is logged in with location 'Default' and the following credentials:
  --- table step argument ---
  | Username               | Password               |
  | @Login.BaseDB.UserName | @Login.BaseDB.Password |
2022-05-01 19:18:02.6357 [INFO] Screenshot[screenshots\Application_20220501191801_8a544.jpeg]Screenshot
2022-05-01 19:18:02.6780 [TRACE] When click '×' button if 'test alert' dialog is present
2022-05-01 19:18:02.7040 [INFO] Check that dialog test alert is present.
2022-05-01 19:18:13.7222 [INFO] Screenshot[screenshots\Application_20220501191813_a528c.jpeg]Screenshot
2022-05-01 19:18:13.8036 [TRACE] And go to 'Setup' module
2022-05-01 19:18:14.3847 [INFO] Screenshot[screenshots\Application_20220501191813_1b53e.jpeg]Screenshot
2022-05-01 19:18:14.4688 [TRACE] And open 'Ship Via Rules' on main menu
2022-05-01 19:18:17.4969 [INFO] Screenshot[screenshots\Application_20220501191817_34a52.jpeg]Screenshot
2022-05-01 19:18:17.5340 [TRACE] Then 'Ship Via Rules' page should be shown
2022-05-01 19:18:18.1627 [INFO] Screenshot[screenshots\Application_20220501191817_e0a0a.jpeg]Screenshot
2022-05-01 19:18:18.2002 [TRACE] Then tab 'Settings' is opened on 'Ship Via Rules' page
2022-05-01 19:18:18.8291 [INFO] Screenshot[screenshots\Application_20220501191818_4462a.jpeg]Screenshot
2022-05-01 19:18:18.8707 [TRACE] And STEP 2
2022-05-01 19:18:18.9689 [TRACE] When select 'Next Slowest Service' in 'When selected service is not available, switch to' drop-down on 'Ship Via Rules' page
2022-05-01 19:18:20.6787 [INFO] Screenshot[screenshots\Application_20220501191820_1e49c.jpeg]Screenshot
2022-05-01 19:18:20.7606 [TRACE] And check 'When shipment is processed, store current rate quotes' checkbox on 'Ship Via Rules' page
2022-05-01 19:18:21.6769 [INFO] Screenshot[screenshots\Application_20220501191821_ec8f7.jpeg]Screenshot
2022-05-01 19:18:21.7128 [TRACE] And select 'When applied rule switches carrier/service/account or unable to make a selection' in 'Show message to the user' drop-down on 'Ship Via Rules' page
2022-05-01 19:18:23.4286 [INFO] Screenshot[screenshots\Application_20220501191822_22c81.jpeg]Screenshot
2022-05-01 19:18:23.5128 [TRACE] And select 'On the fly (in place of each rating process)' in 'When should selected rate shop scenario be run' drop-down on 'Ship Via Rules' page
2022-05-01 19:18:25.1360 [INFO] Screenshot[screenshots\Application_20220501191824_08bcf.jpeg]Screenshot
2022-05-01 19:18:25.1770 [TRACE] And click 'Save' action button on 'Ship Via Rules' page
2022-05-01 19:18:25.2899 [INFO] Element 'Alert Info Message' was not found. 
2022-05-01 19:18:26.8057 [INFO] Screenshot[screenshots\Application_20220501191826_0a2fe.jpeg]Screenshot
2022-05-01 19:18:26.8413 [TRACE] Then 'On the fly (in place of each rating process)' should be selected in 'When should selected rate shop scenario be run' drop-down on 'Ship Via Rules' page
2022-05-01 19:18:27.6707 [INFO] Screenshot[screenshots\Application_20220501191827_59687.jpeg]Screenshot
2022-05-01 19:18:27.7522 [TRACE] And 'When applied rule switches carrier/service/account or unable to make a selection' should be selected in 'Show message to the user' drop-down on 'Ship Via Rules' page
2022-05-01 19:18:28.4237 [INFO] Screenshot[screenshots\Application_20220501191827_3ea91.jpeg]Screenshot
2022-05-01 19:18:28.4597 [TRACE] And 'Next Slowest Service' should be selected in 'When selected service is not available, switch to' drop-down on 'Ship Via Rules' page
2022-05-01 19:18:29.2228 [INFO] Screenshot[screenshots\Application_20220501191828_974a7.jpeg]Screenshot
2022-05-01 19:18:29.3037 [TRACE] And 'When shipment is processed, store current rate quotes' checkbox is checked on 'Ship Via Rules' page
2022-05-01 19:18:29.9428 [INFO] Screenshot[screenshots\Application_20220501191829_cb140.jpeg]Screenshot
2022-05-01 19:18:29.9787 [TRACE] And STEP 3
2022-05-01 19:18:30.5837 [TRACE] Then user is logged out
2022-05-01 19:18:30.6779 [INFO] Element 'Alert message' was not found. 
2022-05-01 19:18:32.7388 [INFO] Screenshot[screenshots\Application_20220501191832_81d04.jpeg]Screenshot
2022-05-01 19:18:32.8151 [TRACE] And STEP 4
2022-05-01 19:18:32.8687 [TRACE] When user is logged in with location 'Default' and the following credentials:
  --- table step argument ---
  | Username               | Password               |
  | @Login.BaseDB.UserName | @Login.BaseDB.Password |
2022-05-01 19:18:39.5248 [INFO] Screenshot[screenshots\Application_20220501191838_fd0b2.jpeg]Screenshot
2022-05-01 19:18:39.5640 [TRACE] When go to 'Setup' module
2022-05-01 19:18:40.1247 [INFO] Screenshot[screenshots\Application_20220501191839_63911.jpeg]Screenshot
2022-05-01 19:18:40.1637 [TRACE] And open 'Ship Via Rules' on main menu
2022-05-01 19:18:43.5208 [INFO] Screenshot[screenshots\Application_20220501191843_ca41a.jpeg]Screenshot
2022-05-01 19:18:43.5569 [TRACE] Then 'Ship Via Rules' page should be shown
2022-05-01 19:18:44.1597 [INFO] Screenshot[screenshots\Application_20220501191843_08ef0.jpeg]Screenshot
2022-05-01 19:18:44.2409 [TRACE] And tab 'Settings' is opened on 'Ship Via Rules' page
2022-05-01 19:18:44.8647 [INFO] Screenshot[screenshots\Application_20220501191844_60651.jpeg]Screenshot
2022-05-01 19:18:44.9488 [TRACE] And STEP 5
2022-05-01 19:18:45.0055 [TRACE] Then 'On the fly (in place of each rating process)' should be selected in 'When should selected rate shop scenario be run' drop-down on 'Ship Via Rules' page
2022-05-01 19:18:45.7210 [INFO] Screenshot[screenshots\Application_20220501191845_c816e.jpeg]Screenshot
2022-05-01 19:18:45.7587 [TRACE] And 'When applied rule switches carrier/service/account or unable to make a selection' should be selected in 'Show message to the user' drop-down on 'Ship Via Rules' page
2022-05-01 19:18:46.5058 [INFO] Screenshot[screenshots\Application_20220501191845_a8faa.jpeg]Screenshot
2022-05-01 19:18:46.5847 [TRACE] And 'Next Slowest Service' should be selected in 'When selected service is not available, switch to' drop-down on 'Ship Via Rules' page
2022-05-01 19:18:47.2633 [INFO] Screenshot[screenshots\Application_20220501191846_56e8f.jpeg]Screenshot
2022-05-01 19:18:47.2987 [TRACE] And 'When shipment is processed, store current rate quotes' checkbox is checked on 'Ship Via Rules' page
2022-05-01 19:18:47.9767 [INFO] Screenshot[screenshots\Application_20220501191847_132af.jpeg]Screenshot
2022-05-01 19:18:48.0559 [TRACE] And STEP 6
2022-05-01 19:18:48.1129 [TRACE] When click 'Reset to default value' action button on 'Ship Via Rules' page
2022-05-01 19:18:49.1437 [INFO] Screenshot[screenshots\Application_20220501191848_1b002.jpeg]Screenshot
2022-05-01 19:18:49.2278 [TRACE] And click 'Save' action button on 'Ship Via Rules' page
2022-05-01 19:18:49.3397 [INFO] Element 'Alert Info Message' was not found. 
2022-05-01 19:18:50.7841 [INFO] Screenshot[screenshots\Application_20220501191850_75b8e.jpeg]Screenshot
2022-05-01 19:18:50.8207 [TRACE] Then 'When shipment is processed, store current rate quotes' checkbox is unchecked on 'Ship Via Rules' page
2022-05-01 19:18:51.4488 [INFO] Screenshot[screenshots\Application_20220501191850_9af64.jpeg]Screenshot
2022-05-01 19:18:51.4849 [TRACE] And STEP 7
2022-05-01 19:18:51.5849 [TRACE] Then user is logged out
2022-05-01 19:18:53.9966 [INFO] Element 'Alert message' was not found. 
2022-05-01 19:18:56.2477 [INFO] Screenshot[screenshots\Application_20220501191855_c1d16.jpeg]Screenshot
2022-05-01 19:18:56.2868 [DEBUG] AfterScenario actions have started for 'Ship Via Rules Settings'
2022-05-01 19:18:59.2027 [DEBUG] Test result has added to TR
2022-05-01 19:18:59.6960 [DEBUG] After Scenario Analysis For Testrail for 'Ship Via Rules Settings' has been completed.
2022-05-01 19:18:59.7131 [INFO] Finish scenario "Ship Via Rules Settings"
]]></output>
            </test-case>
          </test-suite>
          <test-suite type="TestFixture" id="0-1179" name="ShipmentDefaultsFeature" fullname="AutoTests.Specs.Setup.ShipmentDefaultsFeature" classname="AutoTests.Specs.Setup.ShipmentDefaultsFeature" runstate="Runnable" testcasecount="1" result="Passed" start-time="2022-05-01 23:18:59Z" end-time="2022-05-01 23:24:19Z" duration="319.870224" total="1" passed="1" failed="0" warnings="0" inconclusive="0" skipped="0" asserts="0">
            <properties>
              <property name="Description" value="Shipment Defaults" />
            </properties>
            <test-case id="0-1180" name="SetupShipmentDefaults" fullname="AutoTests.Specs.Setup.ShipmentDefaultsFeature.SetupShipmentDefaults" methodname="SetupShipmentDefaults" classname="AutoTests.Specs.Setup.ShipmentDefaultsFeature" runstate="Runnable" seed="975409520" result="Passed" start-time="2022-05-01 23:18:59Z" end-time="2022-05-01 23:24:19Z" duration="319.867884" asserts="0">
[...]
2022-05-01 21:20:23.6307 [TRACE] And select 'is equal to' condition dropdown on '1' line on 'New Condition' block
2022-05-01 21:20:25.4867 [INFO] Screenshot[screenshots\Application_20220501212024_cc5e1.jpeg]Screenshot
2022-05-01 21:20:25.5247 [TRACE] And select 'Constant Value - New Constant Value' in '1_two' dropdown on 'New Condition' block
2022-05-01 21:20:27.4108 [INFO] Screenshot[screenshots\Application_20220501212026_195b8.jpeg]Screenshot
2022-05-01 21:20:27.4996 [TRACE] Then 'New Constant Value' dialog should be shown
2022-05-01 21:20:28.3867 [INFO] Screenshot[screenshots\Application_20220501212027_7e074.jpeg]Screenshot
2022-05-01 21:20:28.4787 [TRACE] When enter constant value 'True' on 'New Constant Value' dialog
2022-05-01 21:20:29.8178 [INFO] Screenshot[screenshots\Application_20220501212029_43d90.jpeg]Screenshot
2022-05-01 21:20:29.8560 [TRACE] And click 'OK' button on 'New Constant Value' dialog
2022-05-01 21:20:34.9909 [INFO] "OK" button is present on the "New Constant Value" dialog
2022-05-01 21:20:36.1218 [INFO] Screenshot[screenshots\Application_20220501212035_9cc44.jpeg]Screenshot
2022-05-01 21:20:36.1588 [TRACE] And click 'OK' button on 'New Condition' dialog
2022-05-01 21:20:37.2730 [INFO] Screenshot[screenshots\Application_20220501212036_87443.jpeg]Screenshot
2022-05-01 21:20:37.3117 [TRACE] Then 'Add Freight Rule' dialog should be shown
2022-05-01 21:20:38.2010 [INFO] Screenshot[screenshots\Application_20220501212037_5dd43.jpeg]Screenshot
2022-05-01 21:20:38.2931 [TRACE] When click 'Next' button on 'Add Freight Rule' dialog
2022-05-01 21:20:39.2866 [INFO] Screenshot[screenshots\Application_20220501212038_c0e43.jpeg]Screenshot
2022-05-01 21:20:39.3678 [TRACE] And click 'Finish' button on 'Add Freight Rule' dialog
2022-05-01 21:20:40.3718 [INFO] Screenshot[screenshots\Application_20220501212039_ed317.jpeg]Screenshot
2022-05-01 21:20:40.4123 [TRACE] Then 'Freight Rules Interface' dialog should be shown
2022-05-01 21:20:41.1427 [INFO] Screenshot[screenshots\Application_20220501212040_e46ee.jpeg]Screenshot
2022-05-01 21:20:41.1776 [TRACE] And 'Type' in table should contain 'Increase' image on 'Freight Rules Interface' dialog
2022-05-01 21:20:42.1579 [INFO] Screenshot[screenshots\Application_20220501212041_69c89.jpeg]Screenshot
2022-05-01 21:20:42.1948 [TRACE] And 'RuleTarget' in table should be equal 'Shipment Total Applied Amount' on 'Freight Rules Interface' dialog
2022-05-01 21:20:43.5668 [INFO] Screenshot[screenshots\Application_20220501212043_ede28.jpeg]Screenshot
2022-05-01 21:20:43.6080 [TRACE] And STEP 5
2022-05-01 21:20:43.6670 [TRACE] When send RateRequest with 'ShipShipmentRequest6' data and parse response to 'ShipShipmentResponse7'
2022-05-01 21:20:46.7167 [INFO] Screenshot[screenshots\Application_20220501212046_1b846.jpeg]Screenshot
2022-05-01 21:20:46.7557 [TRACE] Then result code from 'ShipShipmentResponse7' equals 'Success' for RateShipment
2022-05-01 21:20:46.7760 [ERROR] 
Step definition: result code from 'ShipShipmentResponse7' equals 'Success' for RateShipment.
Error: Response code = 'Failure' instead of 'Success'.
2022-05-01 21:20:47.3350 [INFO] Screenshot[screenshots\Application_20220501212046_35d81.jpeg]Screenshot
2022-05-01 21:20:47.4178 [TRACE] And Total Charge for 'ShipShipmentResponse7' RateShipment more than '0'
2022-05-01 21:20:47.9418 [INFO] Screenshot[screenshots\CustomTracer_20220501212047_6b53c.jpeg]Screenshot
2022-05-01 21:20:48.4829 [INFO] Screenshot[screenshots\Application_20220501212047_a083a.jpeg]Screenshot
2022-05-01 21:20:48.5217 [ERROR] Error: Object reference not set to an instance of an object.
2022-05-01 21:20:48.5433 [DEBUG] AfterScenario actions have started for 'Freight Rules'
2022-05-01 21:20:51.5948 [DEBUG] Test result has added to TR
2022-05-01 21:20:52.1831 [DEBUG] After Scenario Analysis For Testrail for 'Freight Rules' has been completed.
2022-05-01 21:20:52.2008 [INFO] Finish scenario "Freight Rules"
]]></output>
              <assertions>
                <assertion result="Failed">
                  <message><![CDATA[
There are 4 errors: 

Step 1: 

Step definition: result code from 'ShipShipmentResponse6' equals 'Success' for RateShipment.
Error: Response code = 'Failure' instead of 'Success'.

Step 2: 

Step definition: RateShipment message type 'Error' is not present in 'ShipShipmentResponse6' response message array.
Error: There is Error message: '(FedEx Web Service): Rating is temporarily unavailable, please try again later.  '

Step 5: 

Step definition: result code from 'ShipShipmentResponse7' equals 'Success' for RateShipment.
Error: Response code = 'Failure' instead of 'Success'., Error: Object reference not set to an instance of an object.
]]></message>
                  <stack-trace><![CDATA[   at AutoTests.ProjectSpecificCommons.Utils.SoftAssert.AssertAll()
   at AutoTests.Steps.Hooks.AfterScenarioHooks.AssertAll()
]]></stack-trace>
                </assertion>
              </assertions>
            </test-case>
            <test-case id="0-1005" name="Parcel_MinimumFields" fullname="AutoTests.Specs.SOAP.ShipShipmentFeature.Parcel_MinimumFields" methodname="Parcel_MinimumFields" classname="AutoTests.Specs.SOAP.ShipShipmentFeature" runstate="Runnable" seed="809482790" result="Failed" label="Error" start-time="2022-05-02 01:20:52Z" end-time="2022-05-02 01:20:59Z" duration="7.652945" asserts="0">
              <properties>
                <property name="Description" value="Parcel_Minimum Fields" />
                <property name="Category" value="5574" />
                <property name="Category" value="onPrem" />
                <property name="Category" value="SOAP" />
                <property name="Category" value="RestoreAfterScenario" />
                <property name="Category" value="singleThread" />
              </properties>
              <failure>
                <message><![CDATA[
There are 3 errors: 

Step 1: 

Step definition: result code from 'ShipShipmentResponse1' equals 'Success' for ShipShipment.
Error: Response code = 'Failure' instead of 'Success'.

Step 2: 

Step definition: ShipShipment message type 'Error' is not present in 'ShipShipmentResponse1' response message array.
Error: There is Error message: 'Shipment cannot be shipped via FedEx. Rate information is not available.'

Step 3: 

Step definition: Master Tracking Number is returned in 'ShipShipmentResponse1'.
Error: There is no MasterTrackingID in the response

TearDown : NUnit.Framework.AssertionException : 
There are 3 errors: 

Step 1: 

Step definition: result code from 'ShipShipmentResponse1' equals 'Success' for ShipShipment.
Error: Response code = 'Failure' instead of 'Success'.

Step 2: 

Step definition: ShipShipment message type 'Error' is not present in 'ShipShipmentResponse1' response message array.
Error: There is Error message: 'Shipment cannot be shipped via FedEx. Rate information is not available.'

Step 3: 

Step definition: Master Tracking Number is returned in 'ShipShipmentResponse1'.
Error: There is no MasterTrackingID in the response
]]></message>
                <stack-trace><![CDATA[   at AutoTests.ProjectSpecificCommons.Utils.SoftAssert.AssertAll()
   at AutoTests.Steps.Hooks.AfterScenarioHooks.AssertAll()

--TearDown
   at NUnit.Framework.Assert.ReportFailure(String message) in C:\src\nunit\nunit\src\NUnitFramework\framework\Assert.cs:line 394
   at AutoTests.ProjectSpecificCommons.Utils.SoftAssert.AssertAll()
   at AutoTests.Steps.Hooks.AfterScenarioHooks.AssertAll()
   at TechTalk.SpecFlow.Bindings.BindingInvoker.InvokeBinding(IBinding binding, IContextManager contextManager, Object[] arguments, ITestTracer testTracer, TimeSpan& duration)
   at TechTalk.SpecFlow.Infrastructure.TestExecutionEngine.InvokeHook(IBindingInvoker invoker, IHookBinding hookBinding, HookType hookType)
   at TechTalk.SpecFlow.Infrastructure.TestExecutionEngine.FireEvents(HookType hookType)
   at TechTalk.SpecFlow.Infrastructure.TestExecutionEngine.FireScenarioEvents(HookType bindingEvent)
   at TechTalk.SpecFlow.Infrastructure.TestExecutionEngine.OnScenarioEnd()
   at TechTalk.SpecFlow.TestRunner.OnScenarioEnd()
   at AutoTests.Specs.SOAP.ShipShipmentFeature.ScenarioTearDown()]]></stack-trace>
              </failure>
              <output><![CDATA[2022-05-01 21:20:52.6452 [DEBUG] CleanupStores for Parcel_Minimum Fields has been completed
2022-05-01 21:20:52.6626 [INFO] 
*** AutoTests.Specs.SOAP.ShipShipmentFeature.Parcel_MinimumFields
2022-05-01 21:20:52.6809 [INFO] Start scenario "5574": "Parcel_Minimum Fields"
2022-05-01 21:20:52.7007 [TRACE] And STEP 1
2022-05-01 21:20:52.7380 [TRACE] Given load Ship Shipment Request data from 'SOAP\ShipShipmentRequest.json' file for 'ShipShipmentRequest1'
2022-05-01 21:20:53.1423 [TRACE] When send ShipShipmentRequest with 'ShipShipmentRequest1' data and parse response to 'ShipShipmentResponse1'
2022-05-01 21:20:55.9378 [TRACE] Then result code from 'ShipShipmentResponse1' equals 'Success' for ShipShipment
2022-05-01 21:20:55.9647 [ERROR] 
Step definition: result code from 'ShipShipmentResponse1' equals 'Success' for ShipShipment.
Error: Response code = 'Failure' instead of 'Success'.
2022-05-01 21:20:56.0030 [TRACE] And STEP 2
2022-05-01 21:20:56.0387 [TRACE] Then ShipShipment message type 'Error' is not present in 'ShipShipmentResponse1' response message array
2022-05-01 21:20:56.0628 [ERROR] 
Step definition: ShipShipment message type 'Error' is not present in 'ShipShipmentResponse1' response message array.
Error: There is Error message: 'Shipment cannot be shipped via FedEx. Rate information is not available.'
2022-05-01 21:20:56.1038 [TRACE] And STEP 3
2022-05-01 21:20:56.1428 [TRACE] Then Master Tracking Number is returned in 'ShipShipmentResponse1'
2022-05-01 21:20:56.1669 [ERROR] 
Step definition: Master Tracking Number is returned in 'ShipShipmentResponse1'.
Error: There is no MasterTrackingID in the response
2022-05-01 21:20:56.2181 [DEBUG] AfterScenario actions have started for 'Parcel_Minimum Fields'
2022-05-01 21:20:59.4118 [DEBUG] Test result has added to TR
2022-05-01 21:20:59.8916 [DEBUG] After Scenario Analysis For Testrail for 'Parcel_Minimum Fields' has been completed.
2022-05-01 21:20:59.9098 [INFO] Finish scenario "Parcel_Minimum Fields"
]]></output>
              <assertions>
                <assertion result="Failed">
                  <message><![CDATA[
There are 3 errors: 

Step 1: 

Step definition: result code from 'ShipShipmentResponse1' equals 'Success' for ShipShipment.
Error: Response code = 'Failure' instead of 'Success'.

Step 2: 

Step definition: ShipShipment message type 'Error' is not present in 'ShipShipmentResponse1' response message array.
Error: There is Error message: 'Shipment cannot be shipped via FedEx. Rate information is not available.'

Step 3: 

Step definition: Master Tracking Number is returned in 'ShipShipmentResponse1'.
Error: There is no MasterTrackingID in the response
]]></message>
                  <stack-trace><![CDATA[   at AutoTests.ProjectSpecificCommons.Utils.SoftAssert.AssertAll()
   at AutoTests.Steps.Hooks.AfterScenarioHooks.AssertAll()
]]></stack-trace>
                </assertion>
              </assertions>
            </test-case>
            <test-case id="0-1009" name="ParcelOnly" fullname="AutoTests.Specs.SOAP.ShipShipmentFeature.ParcelOnly" methodname="ParcelOnly" classname="AutoTests.Specs.SOAP.ShipShipmentFeature" runstate="Runnable" seed="2042285195" result="Failed" label="Error" start-time="2022-05-02 01:20:59Z" end-time="2022-05-02 01:22:00Z" duration="60.314250" asserts="0">
              <properties>
                <property name="Description" value="Parcel Only" />
                <property name="Category" value="177803" />
                <property name="Category" value="onPrem" />
                <property name="Category" value="RestoreAfterScenario" />
                <property name="Category" value="singleThread" />
              </properties>
              <failure>
                <message><![CDATA[
There are 1 errors: 

Step 1: 

Step definition: click 'Save' button if exist in 'Rate Quote' section on 'Preferences' page.
Error: Element 'Save button in Rate Quote section' was not found. Exception: 'OpenQA.Selenium.WebDriverTimeoutException - Timed out after 10 seconds'

TearDown : NUnit.Framework.AssertionException : 
There are 1 errors: 

Step 1: 

Step definition: click 'Save' button if exist in 'Rate Quote' section on 'Preferences' page.
Error: Element 'Save button in Rate Quote section' was not found. Exception: 'OpenQA.Selenium.WebDriverTimeoutException - Timed out after 10 seconds'
]]></message>
                <stack-trace><![CDATA[   at AutoTests.ProjectSpecificCommons.Utils.SoftAssert.AssertAll()
   at AutoTests.Steps.Hooks.AfterScenarioHooks.AssertAll()

--TearDown
   at NUnit.Framework.Assert.ReportFailure(String message) in C:\src\nunit\nunit\src\NUnitFramework\framework\Assert.cs:line 394
   at AutoTests.ProjectSpecificCommons.Utils.SoftAssert.AssertAll()
   at AutoTests.Steps.Hooks.AfterScenarioHooks.AssertAll()
   at TechTalk.SpecFlow.Bindings.BindingInvoker.InvokeBinding(IBinding binding, IContextManager contextManager, Object[] arguments, ITestTracer testTracer, TimeSpan& duration)
   at TechTalk.SpecFlow.Infrastructure.TestExecutionEngine.InvokeHook(IBindingInvoker invoker, IHookBinding hookBinding, HookType hookType)
   at TechTalk.SpecFlow.Infrastructure.TestExecutionEngine.FireEvents(HookType hookType)
   at TechTalk.SpecFlow.Infrastructure.TestExecutionEngine.FireScenarioEvents(HookType bindingEvent)
   at TechTalk.SpecFlow.Infrastructure.TestExecutionEngine.OnScenarioEnd()
   at TechTalk.SpecFlow.TestRunner.OnScenarioEnd()
   at AutoTests.Specs.SOAP.ShipShipmentFeature.ScenarioTearDown()]]></stack-trace>
              </failure>
              <output><![CDATA[2022-05-01 21:21:00.2767 [DEBUG] CleanupStores for Parcel Only has been completed
2022-05-01 21:21:00.2969 [INFO] 
*** AutoTests.Specs.SOAP.ShipShipmentFeature.ParcelOnly
2022-05-01 21:21:00.3170 [INFO] Start scenario "177803": "Parcel Only"
2022-05-01 21:21:00.3358 [TRACE] Reloading WebDriver.
2022-05-01 21:21:00.3587 [TRACE] Chosen browser from config: Chrome
2022-05-01 21:21:01.8840 [TRACE] Webdriver browser name: Chrome
2022-05-01 21:21:01.9028 [TRACE] Webdriver browser version: 87.0.4280.66
2022-05-01 21:21:01.9210 [TRACE] Platform : Linux
2022-05-01 21:21:01.9419 [TRACE] Browser size: {Width=1920, Height=1080}
2022-05-01 21:21:01.9619 [TRACE] WebDriver reloaded.
2022-05-01 21:21:01.9857 [INFO] Navigate to URL: http://10.0.40.108:180/
2022-05-01 21:21:02.4149 [TRACE] And STEP 1
2022-05-01 21:21:02.5247 [TRACE] Given load Rate Shop Request data from 'SOAP\ShipShipmentRequest.json' file for 'ShipShipmentRequest2'
2022-05-01 21:21:03.2577 [INFO] Screenshot[screenshots\Application_20220501212102_c4852.jpeg]Screenshot
2022-05-01 21:21:03.2949 [TRACE] And load Preference data from 'Setup\Preferences.json' file for 'PreferenceSoap'
2022-05-01 21:21:03.8228 [INFO] Screenshot[screenshots\Application_20220501212103_7acf7.jpeg]Screenshot
2022-05-01 21:21:03.8588 [TRACE] When user is logged in with location 'Default' and the following credentials:
  --- table step argument ---
  | Username               | Password               |
  | @Login.BaseDB.UserName | @Login.BaseDB.Password |
2022-05-01 21:21:14.9088 [INFO] Screenshot[screenshots\Application_20220501212114_a9f39.jpeg]Screenshot
2022-05-01 21:21:14.9508 [TRACE] And go to 'Setup' module
2022-05-01 21:21:14.9787 [INFO] Navigate to URL: http://10.0.40.108:180/Setup
2022-05-01 21:21:17.0130 [INFO] Screenshot[screenshots\Application_20220501212116_bfbda.jpeg]Screenshot
2022-05-01 21:21:18.7858 [TRACE] When click '×' button if 'test alert' dialog is present
2022-05-01 21:21:18.8178 [INFO] Check that dialog test alert is present.
2022-05-01 21:21:29.7768 [INFO] Screenshot[screenshots\Application_20220501212129_023d8.jpeg]Screenshot
2022-05-01 21:21:29.8147 [TRACE] And open 'Preferences' on main menu
2022-05-01 21:21:34.3902 [INFO] Screenshot[screenshots\Application_20220501212133_1d996.jpeg]Screenshot
2022-05-01 21:21:34.4347 [TRACE] Then 'Preferences' page should be shown
2022-05-01 21:21:35.0648 [INFO] Screenshot[screenshots\Application_20220501212134_a701a.jpeg]Screenshot
2022-05-01 21:21:35.1058 [TRACE] When click 'Preferences' tab on 'Preferences' page
2022-05-01 21:21:35.7788 [INFO] Screenshot[screenshots\Application_20220501212135_a6c35.jpeg]Screenshot
2022-05-01 21:21:35.8236 [TRACE] Then 'Preferences' page should be shown
2022-05-01 21:21:36.4588 [INFO] Screenshot[screenshots\Application_20220501212135_adc35.jpeg]Screenshot
2022-05-01 21:21:36.5008 [TRACE] When fill fields on 'Preferences' page in 'Rate Quote' section for 'PreferenceSoap'
2022-05-01 21:21:37.2410 [INFO] Screenshot[screenshots\Application_20220501212136_4cd2c.jpeg]Screenshot
2022-05-01 21:21:37.3317 [TRACE] And click 'Save' button if exist in 'Rate Quote' section on 'Preferences' page
2022-05-01 21:21:47.7243 [ERROR] 
Step definition: click 'Save' button if exist in 'Rate Quote' section on 'Preferences' page.
Error: Element 'Save button in Rate Quote section' was not found. Exception: 'OpenQA.Selenium.WebDriverTimeoutException - Timed out after 10 seconds'
2022-05-01 21:21:48.2747 [INFO] Screenshot[screenshots\Application_20220501212147_48ce5.jpeg]Screenshot
2022-05-01 21:21:48.3619 [TRACE] Then 'Preferences' page should be shown
2022-05-01 21:21:49.0237 [INFO] Screenshot[screenshots\Application_20220501212148_f6eeb.jpeg]Screenshot
2022-05-01 21:21:49.0650 [TRACE] Then user is logged out
2022-05-01 21:21:49.1789 [INFO] Element 'Alert message' was not found. 
2022-05-01 21:21:51.2502 [INFO] Screenshot[screenshots\Application_20220501212150_c0269.jpeg]Screenshot
2022-05-01 21:21:51.2848 [TRACE] And STEP 2
2022-05-01 21:21:51.3451 [TRACE] When send RateShopRequest with 'ShipShipmentRequest2' data and parse response to 'ShipShipmentResponse2'
2022-05-01 21:21:55.0509 [INFO] Screenshot[screenshots\Application_20220501212154_71674.jpeg]Screenshot
2022-05-01 21:21:55.0853 [TRACE] Then result code from 'ShipShipmentResponse2' equals 'Success' for RateShopShipment
2022-05-01 21:21:55.5606 [INFO] Screenshot[screenshots\Application_20220501212155_dc050.jpeg]Screenshot
2022-05-01 21:21:55.6399 [TRACE] And STEP 3
2022-05-01 21:21:55.6949 [TRACE] Then RateShopShipment message type 'Error' is not present in 'ShipShipmentResponse2' response message array
2022-05-01 21:21:56.1748 [INFO] Screenshot[screenshots\Application_20220501212155_7048d.jpeg]Screenshot
2022-05-01 21:21:56.2086 [TRACE] And all RateShopShipment 'ShipShipmentResponse2' charges should be more than Total
2022-05-01 21:21:56.7029 [INFO] Screenshot[screenshots\Application_20220501212156_0beea.jpeg]Screenshot
2022-05-01 21:21:56.7888 [DEBUG] AfterScenario actions have started for 'Parcel Only'
2022-05-01 21:21:59.6637 [DEBUG] Test result has added to TR
2022-05-01 21:22:00.1527 [DEBUG] After Scenario Analysis For Testrail for 'Parcel Only' has been completed.
2022-05-01 21:22:00.1721 [INFO] Finish scenario "Parcel Only"
]]></output>
              <assertions>
                <assertion result="Failed">
                  <message><![CDATA[
There are 1 errors: 

Step 1: 

Step definition: click 'Save' button if exist in 'Rate Quote' section on 'Preferences' page.
Error: Element 'Save button in Rate Quote section' was not found. Exception: 'OpenQA.Selenium.WebDriverTimeoutException - Timed out after 10 seconds'
]]></message>
                  <stack-trace><![CDATA[   at AutoTests.ProjectSpecificCommons.Utils.SoftAssert.AssertAll()
   at AutoTests.Steps.Hooks.AfterScenarioHooks.AssertAll()
]]></stack-trace>
                </assertion>
              </assertions>
            </test-case>
          </test-suite>
        </test-suite>
      </test-suite>
    </test-suite>
  </test-suite>
</test-run>